2025-06-11 12:30:29,403 - src.cli - INFO - Starting RSM simulation - Log: /Users/veronateo/marple-personal/code/debug/snack1/w0.3_ntemp0.05_stemp0.05_steps25_20250611_123029/simulation.log
2025-06-11 12:30:29,404 - src.cli - INFO - Saved metadata to /Users/veronateo/marple-personal/code/debug/snack1/w0.3_ntemp0.05_stemp0.05_steps25_20250611_123029/metadata.json
2025-06-11 12:30:29,404 - src.cli - INFO - Trials to run: ['snack1_A1.json']
2025-06-11 12:30:29,404 - RSMSimulator - INFO - Starting RSMSimulator simulation with visual evidence
2025-06-11 12:30:29,404 - RSMSimulator - INFO - ===== Running Trial: snack1 =====
2025-06-11 12:30:29,405 - RSMSimulator - INFO - Generating 50 suspect paths and 1000 detective paths
2025-06-11 12:30:29,405 - src.core.world.utils - INFO - Computing simple path sequences for snack1 (max_steps=25)
2025-06-11 12:30:29,405 - src.core.world.planning - INFO - Agent A: Found 1 shortest paths from Start to Door.
2025-06-11 12:30:29,561 - src.core.world.planning - INFO - Agent A: Found 202 simple paths from Door to Fridge (max_steps=25).
2025-06-11 12:30:29,561 - src.core.world.planning - INFO - Agent A Base Path Segments: Start --> Door = 1, Door --> Fridge = 202, Fridge --> Door = 202, Door --> Start = 1
2025-06-11 12:30:29,561 - src.core.world.planning - INFO - Agent B: Found 1 shortest paths from Start to Door.
2025-06-11 12:30:29,802 - src.core.world.planning - INFO - Agent B: Found 52945 simple paths from Door to Fridge (max_steps=25).
2025-06-11 12:30:29,836 - src.core.world.planning - INFO - Agent B Base Path Segments: Start --> Door = 1, Door --> Fridge = 52945, Fridge --> Door = 52945, Door --> Start = 1
2025-06-11 12:30:29,910 - src.core.world.utils - INFO - Cached simple path sequences for snack1
2025-06-11 12:30:29,910 - Suspect[suspect_rsm] - INFO - Initialized Suspect with suspect data
2025-06-11 12:30:29,910 - Detective[detective_rsm] - INFO - Initialized Detective with detective data
2025-06-11 12:30:29,910 - RSMSimulator - INFO - --- Simulating Level 1 (Naive Agent) ---
2025-06-11 12:30:29,910 - Suspect[suspect_rsm] - INFO - Simulating naive suspect paths using visual evidence
2025-06-11 12:30:30,553 - src.utils.io_utils - INFO - Saved 100 sampled paths to /Users/veronateo/marple-personal/code/debug/snack1/w0.3_ntemp0.05_stemp0.05_steps25_20250611_123029/snack1_sampled_paths_naive.csv
2025-06-11 12:30:30,554 - Suspect[suspect_rsm] - INFO - Simulating naive suspect paths using visual evidence
2025-06-11 12:30:31,170 - Detective[detective_rsm] - INFO - Simulating detective modeling naive suspects using visual evidence
2025-06-11 12:30:31,170 - VisualEvidenceProcessor - INFO - Computing VISUAL detective predictions for naive agents
2025-06-11 12:30:31,253 - src.utils.evidence_utils - INFO - Saved 51 detective predictions to snack1_naive_visual_predictions.json
2025-06-11 12:30:31,253 - RSMSimulator - INFO - Smoothing visual likelihood maps (sigma=1.0)
2025-06-11 12:30:31,253 - RSMSimulator - INFO - --- Simulating Level 2 (Sophisticated Agent) ---
2025-06-11 12:30:31,253 - Suspect[suspect_rsm] - INFO - Simulating sophisticated suspect paths using visual evidence
2025-06-11 12:30:31,253 - PathSampler - INFO - No cache found. Computing utilities for ('A', 'sophisticated', 'visual')
2025-06-11 12:30:31,258 - PathSampler - INFO - No cache found. Computing utilities for ('B', 'sophisticated', 'visual')
2025-06-11 12:30:31,978 - src.utils.io_utils - INFO - Saved 100 sampled paths to /Users/veronateo/marple-personal/code/debug/snack1/w0.3_ntemp0.05_stemp0.05_steps25_20250611_123029/snack1_sampled_paths_sophisticated.csv
2025-06-11 12:30:31,978 - Suspect[suspect_rsm] - INFO - Simulating sophisticated suspect paths using visual evidence
2025-06-11 12:30:31,978 - PathSampler - INFO - Using cached utilities for ('A', 'sophisticated', 'visual')
2025-06-11 12:30:31,983 - PathSampler - INFO - Using cached utilities for ('B', 'sophisticated', 'visual')
2025-06-11 12:30:32,558 - Detective[detective_rsm] - INFO - Simulating detective modeling sophisticated suspects using visual evidence
2025-06-11 12:30:32,558 - VisualEvidenceProcessor - INFO - Computing VISUAL detective predictions for sophisticated agents
2025-06-11 12:30:32,559 - VisualEvidenceProcessor - INFO - Smoothing visual likelihood maps (sigma=1.0)
2025-06-11 12:30:33,279 - src.analysis.plot - INFO - Saved smoothing comparison plot for Agent A to /Users/veronateo/marple-personal/code/debug/snack1/w0.3_ntemp0.05_stemp0.05_steps25_20250611_123029/plots/smoothing_comparison_agent_A_snack1.png
2025-06-11 12:30:33,740 - src.analysis.plot - INFO - Saved smoothing comparison plot for Agent B to /Users/veronateo/marple-personal/code/debug/snack1/w0.3_ntemp0.05_stemp0.05_steps25_20250611_123029/plots/smoothing_comparison_agent_B_snack1.png
2025-06-11 12:30:33,741 - src.utils.evidence_utils - INFO - Saved 51 detective predictions to snack1_sophisticated_visual_predictions.json
2025-06-11 12:30:33,741 - RSMSimulator - INFO - ===== Finished Trial: snack1 =====
2025-06-11 12:30:33,741 - RSMSimulator - INFO - RSMSimulator simulation completed
2025-06-11 12:30:33,741 - src.cli - INFO - Generating automatic plots for simulation results...
2025-06-11 12:30:33,741 - src.analysis.plot - INFO - Creating visual evidence plots for trial snack1 in /Users/veronateo/marple-personal/code/debug/snack1/w0.3_ntemp0.05_stemp0.05_steps25_20250611_123029
2025-06-11 12:30:33,978 - src.analysis.plot - INFO - Saved heatmap for Agent A to /Users/veronateo/marple-personal/code/debug/snack1/w0.3_ntemp0.05_stemp0.05_steps25_20250611_123029/plots/heatmap_return_from_fridge_agent_A_snack1_naive.png
2025-06-11 12:30:34,274 - src.analysis.plot - INFO - Saved heatmap for Agent B to /Users/veronateo/marple-personal/code/debug/snack1/w0.3_ntemp0.05_stemp0.05_steps25_20250611_123029/plots/heatmap_return_from_fridge_agent_B_snack1_naive.png
2025-06-11 12:30:34,510 - src.analysis.plot - INFO - Saved heatmap for Agent A to /Users/veronateo/marple-personal/code/debug/snack1/w0.3_ntemp0.05_stemp0.05_steps25_20250611_123029/plots/heatmap_to_fridge_agent_A_snack1_naive.png
2025-06-11 12:30:34,747 - src.analysis.plot - INFO - Saved heatmap for Agent B to /Users/veronateo/marple-personal/code/debug/snack1/w0.3_ntemp0.05_stemp0.05_steps25_20250611_123029/plots/heatmap_to_fridge_agent_B_snack1_naive.png
2025-06-11 12:30:34,980 - src.analysis.plot - INFO - Saved heatmap for Agent A to /Users/veronateo/marple-personal/code/debug/snack1/w0.3_ntemp0.05_stemp0.05_steps25_20250611_123029/plots/heatmap_return_from_fridge_agent_A_snack1_sophisticated.png
2025-06-11 12:30:35,245 - src.analysis.plot - INFO - Saved heatmap for Agent B to /Users/veronateo/marple-personal/code/debug/snack1/w0.3_ntemp0.05_stemp0.05_steps25_20250611_123029/plots/heatmap_return_from_fridge_agent_B_snack1_sophisticated.png
2025-06-11 12:30:35,479 - src.analysis.plot - INFO - Saved heatmap for Agent A to /Users/veronateo/marple-personal/code/debug/snack1/w0.3_ntemp0.05_stemp0.05_steps25_20250611_123029/plots/heatmap_to_fridge_agent_A_snack1_sophisticated.png
2025-06-11 12:30:35,716 - src.analysis.plot - INFO - Saved heatmap for Agent B to /Users/veronateo/marple-personal/code/debug/snack1/w0.3_ntemp0.05_stemp0.05_steps25_20250611_123029/plots/heatmap_to_fridge_agent_B_snack1_sophisticated.png
2025-06-11 12:30:35,976 - src.analysis.plot - INFO - Saved crumb planting heatmap for Agent A to /Users/veronateo/marple-personal/code/debug/snack1/w0.3_ntemp0.05_stemp0.05_steps25_20250611_123029/plots/crumb_planting_heatmap_agent_A_snack1.png
2025-06-11 12:30:36,210 - src.analysis.plot - INFO - Saved crumb planting heatmap for Agent B to /Users/veronateo/marple-personal/code/debug/snack1/w0.3_ntemp0.05_stemp0.05_steps25_20250611_123029/plots/crumb_planting_heatmap_agent_B_snack1.png
2025-06-11 12:30:36,211 - src.analysis.plot - INFO - Plotted 51 predictions on full apartment grid
2025-06-11 12:30:36,421 - src.analysis.plot - INFO - Saved detective predictions heatmap to /Users/veronateo/marple-personal/code/debug/snack1/w0.3_ntemp0.05_stemp0.05_steps25_20250611_123029/plots/detective_preds_heatmap_naive_visual_snack1.png
2025-06-11 12:30:36,422 - src.analysis.plot - INFO - Plotted 51 predictions on full apartment grid
2025-06-11 12:30:36,633 - src.analysis.plot - INFO - Saved detective predictions heatmap to /Users/veronateo/marple-personal/code/debug/snack1/w0.3_ntemp0.05_stemp0.05_steps25_20250611_123029/plots/detective_preds_heatmap_sophisticated_visual_snack1.png
2025-06-11 12:30:36,633 - src.analysis.plot - INFO - Completed visual evidence plots for snack1
2025-06-11 12:30:36,633 - src.cli - INFO - Generated visual plots for trial snack1
2025-06-11 12:30:36,633 - src.cli - INFO - RSM simulation completed. Results: 1 trials processed
