2025-06-06 17:31:55,618 - src.cli - INFO - Starting RSM simulation - Log: /Users/veronateo/marple-personal/code/debug/snack6/w0.3_ntemp0.05_stemp0.05_steps25_20250606_173155/simulation.log
2025-06-06 17:31:55,618 - src.cli - INFO - Saved metadata to /Users/veronateo/marple-personal/code/debug/snack6/w0.3_ntemp0.05_stemp0.05_steps25_20250606_173155/metadata.json
2025-06-06 17:31:55,618 - src.cli - INFO - Trials to run: ['snack6_A1.json']
2025-06-06 17:31:55,618 - RSMSimulator - INFO - Starting RSMSimulator simulation with multimodal evidence
2025-06-06 17:31:55,618 - RSMSimulator - INFO - ===== Running Trial: snack6 =====
2025-06-06 17:31:55,619 - RSMSimulator - INFO - Generating 50 suspect paths and 1000 detective paths
2025-06-06 17:31:55,682 - src.core.world.utils - INFO - Loaded simple path sequences for snack6 from cache
2025-06-06 17:31:55,682 - Suspect[suspect_rsm] - INFO - Initialized Suspect with suspect data
2025-06-06 17:31:55,682 - Detective[detective_rsm] - INFO - Initialized Detective with detective data
2025-06-06 17:31:55,682 - RSMSimulator - INFO - --- Simulating Level 1 (Naive Agent) ---
2025-06-06 17:31:55,682 - Suspect[suspect_rsm] - INFO - Simulating naive suspect paths using multimodal evidence
2025-06-06 17:31:56,822 - src.utils.io_utils - INFO - Saved 100 sampled paths to /Users/veronateo/marple-personal/code/debug/snack6/w0.3_ntemp0.05_stemp0.05_steps25_20250606_173155/snack6_sampled_paths_naive.csv
2025-06-06 17:31:56,822 - Suspect[suspect_rsm] - INFO - Simulating naive suspect paths using multimodal evidence
2025-06-06 17:31:57,913 - Detective[detective_rsm] - INFO - Simulating detective modeling naive suspects using multimodal evidence
2025-06-06 17:31:57,913 - MultimodalEvidenceProcessor - INFO - Computing MULTIMODAL detective predictions for naive agents
2025-06-06 17:31:57,913 - VisualEvidenceProcessor - INFO - Computing VISUAL detective predictions for naive agents
2025-06-06 17:31:57,963 - src.core.evidence.audio - INFO - Agent shortest paths: A->fridge=12, B->fridge=12
2025-06-06 17:31:57,963 - src.core.evidence.audio - INFO - Agent shortest paths: fridge->A=12, fridge->B=12
2025-06-06 17:31:57,963 - src.core.evidence.audio - INFO - Using minimum feasible steps: to_fridge>=12, from_fridge>=12
2025-06-06 17:31:57,963 - src.core.evidence.audio - INFO - Generated 9 ground truth audio sequences
2025-06-06 17:32:01,122 - src.utils.evidence_utils - INFO - Saved 477 detective predictions to snack6_naive_multimodal_predictions.json
2025-06-06 17:32:01,291 - RSMSimulator - INFO - Smoothing visual likelihood maps (sigma=1.0)
2025-06-06 17:32:01,291 - RSMSimulator - INFO - Visual and Audio models loaded for multimodal simulation.
2025-06-06 17:32:01,291 - RSMSimulator - INFO - --- Simulating Level 2 (Sophisticated Agent) ---
2025-06-06 17:32:01,291 - Suspect[suspect_rsm] - INFO - Simulating sophisticated suspect paths using multimodal evidence
2025-06-06 17:32:01,291 - PathSampler - INFO - No cache found. Computing utilities for ('A', 'sophisticated', 'multimodal')
2025-06-06 17:32:01,291 - PathSampler - INFO - Computing utilities for 26372 paths to fridge.
2025-06-06 17:32:01,300 - PathSampler - INFO - Finished computing utilities for 26372 paths to fridge.
2025-06-06 17:32:01,300 - PathSampler - INFO - Computing utilities for 26372 paths from fridge.
2025-06-06 17:32:04,715 - PathSampler - INFO - Finished computing utilities for 26372 paths from fridge.
2025-06-06 17:32:04,935 - PathSampler - INFO - No cache found. Computing utilities for ('B', 'sophisticated', 'multimodal')
2025-06-06 17:32:04,935 - PathSampler - INFO - Computing utilities for 89896 paths to fridge.
2025-06-06 17:32:04,966 - PathSampler - INFO - Finished computing utilities for 89896 paths to fridge.
2025-06-06 17:32:04,967 - PathSampler - INFO - Computing utilities for 89896 paths from fridge.
2025-06-06 17:32:11,749 - PathSampler - INFO - Finished computing utilities for 89896 paths from fridge.
2025-06-06 17:32:12,522 - src.utils.io_utils - INFO - Saved 100 sampled paths to /Users/veronateo/marple-personal/code/debug/snack6/w0.3_ntemp0.05_stemp0.05_steps25_20250606_173155/snack6_sampled_paths_sophisticated.csv
2025-06-06 17:32:12,522 - Suspect[suspect_rsm] - INFO - Simulating sophisticated suspect paths using multimodal evidence
2025-06-06 17:32:12,522 - PathSampler - INFO - Using cached utilities for ('A', 'sophisticated', 'multimodal')
2025-06-06 17:32:12,733 - PathSampler - INFO - Using cached utilities for ('B', 'sophisticated', 'multimodal')
2025-06-06 17:32:13,436 - Detective[detective_rsm] - INFO - Simulating detective modeling sophisticated suspects using multimodal evidence
2025-06-06 17:32:13,436 - MultimodalEvidenceProcessor - INFO - Computing MULTIMODAL detective predictions for sophisticated agents
2025-06-06 17:32:13,436 - VisualEvidenceProcessor - INFO - Computing VISUAL detective predictions for sophisticated agents
2025-06-06 17:32:13,437 - VisualEvidenceProcessor - INFO - Smoothing visual likelihood maps (sigma=1.0)
2025-06-06 17:32:13,437 - src.core.evidence.audio - INFO - Agent shortest paths: A->fridge=12, B->fridge=12
2025-06-06 17:32:13,437 - src.core.evidence.audio - INFO - Agent shortest paths: fridge->A=12, fridge->B=12
2025-06-06 17:32:13,437 - src.core.evidence.audio - INFO - Using minimum feasible steps: to_fridge>=12, from_fridge>=12
2025-06-06 17:32:13,438 - src.core.evidence.audio - INFO - Generated 9 ground truth audio sequences
2025-06-06 17:32:16,527 - src.utils.evidence_utils - INFO - Saved 477 detective predictions to snack6_sophisticated_multimodal_predictions.json
2025-06-06 17:32:16,527 - RSMSimulator - INFO - ===== Finished Trial: snack6 =====
2025-06-06 17:32:16,527 - RSMSimulator - INFO - RSMSimulator simulation completed
2025-06-06 17:32:16,527 - src.cli - INFO - Generating automatic plots for simulation results...
2025-06-06 17:32:16,527 - src.analysis.plot - INFO - Creating multimodal evidence plots for trial snack6 in /Users/veronateo/marple-personal/code/debug/snack6/w0.3_ntemp0.05_stemp0.05_steps25_20250606_173155
2025-06-06 17:32:16,822 - src.analysis.plot - INFO - Saved heatmap for Agent A to /Users/veronateo/marple-personal/code/debug/snack6/w0.3_ntemp0.05_stemp0.05_steps25_20250606_173155/plots/heatmap_return_from_fridge_agent_A_snack6_naive.png
2025-06-06 17:32:16,992 - src.analysis.plot - INFO - Saved heatmap for Agent B to /Users/veronateo/marple-personal/code/debug/snack6/w0.3_ntemp0.05_stemp0.05_steps25_20250606_173155/plots/heatmap_return_from_fridge_agent_B_snack6_naive.png
2025-06-06 17:32:17,162 - src.analysis.plot - INFO - Saved heatmap for Agent A to /Users/veronateo/marple-personal/code/debug/snack6/w0.3_ntemp0.05_stemp0.05_steps25_20250606_173155/plots/heatmap_to_fridge_agent_A_snack6_naive.png
2025-06-06 17:32:17,333 - src.analysis.plot - INFO - Saved heatmap for Agent B to /Users/veronateo/marple-personal/code/debug/snack6/w0.3_ntemp0.05_stemp0.05_steps25_20250606_173155/plots/heatmap_to_fridge_agent_B_snack6_naive.png
2025-06-06 17:32:17,505 - src.analysis.plot - INFO - Saved heatmap for Agent A to /Users/veronateo/marple-personal/code/debug/snack6/w0.3_ntemp0.05_stemp0.05_steps25_20250606_173155/plots/heatmap_return_from_fridge_agent_A_snack6_sophisticated.png
2025-06-06 17:32:17,762 - src.analysis.plot - INFO - Saved heatmap for Agent B to /Users/veronateo/marple-personal/code/debug/snack6/w0.3_ntemp0.05_stemp0.05_steps25_20250606_173155/plots/heatmap_return_from_fridge_agent_B_snack6_sophisticated.png
2025-06-06 17:32:17,930 - src.analysis.plot - INFO - Saved heatmap for Agent A to /Users/veronateo/marple-personal/code/debug/snack6/w0.3_ntemp0.05_stemp0.05_steps25_20250606_173155/plots/heatmap_to_fridge_agent_A_snack6_sophisticated.png
2025-06-06 17:32:18,095 - src.analysis.plot - INFO - Saved heatmap for Agent B to /Users/veronateo/marple-personal/code/debug/snack6/w0.3_ntemp0.05_stemp0.05_steps25_20250606_173155/plots/heatmap_to_fridge_agent_B_snack6_sophisticated.png
2025-06-06 17:32:18,274 - src.analysis.plot - INFO - Saved crumb planting heatmap for Agent A to /Users/veronateo/marple-personal/code/debug/snack6/w0.3_ntemp0.05_stemp0.05_steps25_20250606_173155/plots/crumb_planting_heatmap_agent_A_snack6.png
2025-06-06 17:32:18,472 - src.analysis.plot - INFO - Saved crumb planting heatmap for Agent B to /Users/veronateo/marple-personal/code/debug/snack6/w0.3_ntemp0.05_stemp0.05_steps25_20250606_173155/plots/crumb_planting_heatmap_agent_B_snack6.png
2025-06-06 17:32:18,627 - src.analysis.plot - INFO - Saved multimodal visual predictions heatmap to /Users/veronateo/marple-personal/code/debug/snack6/w0.3_ntemp0.05_stemp0.05_steps25_20250606_173155/plots/detective_multimodal_visual_preds_heatmap_naive_snack6.png
2025-06-06 17:32:18,737 - src.analysis.plot - INFO - Saved multimodal audio predictions heatmap to /Users/veronateo/marple-personal/code/debug/snack6/w0.3_ntemp0.05_stemp0.05_steps25_20250606_173155/plots/detective_multimodal_audio_preds_heatmap_naive_snack6.png
2025-06-06 17:32:18,900 - src.analysis.plot - INFO - Saved multimodal visual predictions heatmap to /Users/veronateo/marple-personal/code/debug/snack6/w0.3_ntemp0.05_stemp0.05_steps25_20250606_173155/plots/detective_multimodal_visual_preds_heatmap_sophisticated_snack6.png
2025-06-06 17:32:19,004 - src.analysis.plot - INFO - Saved multimodal audio predictions heatmap to /Users/veronateo/marple-personal/code/debug/snack6/w0.3_ntemp0.05_stemp0.05_steps25_20250606_173155/plots/detective_multimodal_audio_preds_heatmap_sophisticated_snack6.png
2025-06-06 17:32:19,005 - src.analysis.plot - INFO - Completed multimodal evidence plots for snack6
2025-06-06 17:32:19,005 - src.cli - INFO - Generated multimodal plots for trial snack6
2025-06-06 17:32:19,005 - src.cli - INFO - RSM simulation completed. Results: 1 trials processed
