2025-06-11 12:43:13,874 - src.cli - INFO - Starting RSM simulation - Log: /Users/veronateo/marple-personal/code/debug/snack6/w10_ntemp0.05_stemp0.05_steps25_20250611_124313/simulation.log
2025-06-11 12:43:13,874 - src.cli - INFO - Saved metadata to /Users/veronateo/marple-personal/code/debug/snack6/w10_ntemp0.05_stemp0.05_steps25_20250611_124313/metadata.json
2025-06-11 12:43:13,875 - src.cli - INFO - Trials to run: ['snack6_A1.json']
2025-06-11 12:43:13,875 - RSMSimulator - INFO - Starting RSMSimulator simulation with visual evidence
2025-06-11 12:43:13,875 - RSMSimulator - INFO - ===== Running Trial: snack6 =====
2025-06-11 12:43:13,876 - RSMSimulator - INFO - Generating 50 suspect paths and 1000 detective paths
2025-06-11 12:43:14,059 - src.core.world.utils - INFO - Loaded simple path sequences for snack6 from cache
2025-06-11 12:43:14,059 - Suspect[suspect_rsm] - INFO - Initialized Suspect with suspect data
2025-06-11 12:43:14,059 - Detective[detective_rsm] - INFO - Initialized Detective with detective data
2025-06-11 12:43:14,059 - RSMSimulator - INFO - --- Simulating Level 1 (Naive Agent) ---
2025-06-11 12:43:14,059 - Suspect[suspect_rsm] - INFO - Simulating naive suspect paths using visual evidence
2025-06-11 12:43:15,577 - src.utils.io_utils - INFO - Saved 100 sampled paths to /Users/veronateo/marple-personal/code/debug/snack6/w10_ntemp0.05_stemp0.05_steps25_20250611_124313/snack6_sampled_paths_naive.csv
2025-06-11 12:43:15,577 - Suspect[suspect_rsm] - INFO - Simulating naive suspect paths using visual evidence
2025-06-11 12:43:17,063 - Detective[detective_rsm] - INFO - Simulating detective modeling naive suspects using visual evidence
2025-06-11 12:43:17,063 - VisualEvidenceProcessor - INFO - Computing VISUAL detective predictions for naive agents
2025-06-11 12:43:17,147 - src.utils.evidence_utils - INFO - Saved 53 detective predictions to snack6_naive_visual_predictions.json
2025-06-11 12:43:17,147 - RSMSimulator - INFO - Smoothing visual likelihood maps (sigma=1.0)
2025-06-11 12:43:17,148 - RSMSimulator - INFO - --- Simulating Level 2 (Sophisticated Agent) ---
2025-06-11 12:43:17,148 - Suspect[suspect_rsm] - INFO - Simulating sophisticated suspect paths using visual evidence
2025-06-11 12:43:17,148 - PathSampler - INFO - No cache found. Computing utilities for ('A', 'sophisticated', 'visual')
2025-06-11 12:43:17,985 - PathSampler - INFO - No cache found. Computing utilities for ('B', 'sophisticated', 'visual')
2025-06-11 12:43:21,674 - src.utils.io_utils - INFO - Saved 100 sampled paths to /Users/veronateo/marple-personal/code/debug/snack6/w10_ntemp0.05_stemp0.05_steps25_20250611_124313/snack6_sampled_paths_sophisticated.csv
2025-06-11 12:43:21,674 - Suspect[suspect_rsm] - INFO - Simulating sophisticated suspect paths using visual evidence
2025-06-11 12:43:21,674 - PathSampler - INFO - Using cached utilities for ('A', 'sophisticated', 'visual')
2025-06-11 12:43:21,938 - PathSampler - INFO - Using cached utilities for ('B', 'sophisticated', 'visual')
2025-06-11 12:43:22,902 - Detective[detective_rsm] - INFO - Simulating detective modeling sophisticated suspects using visual evidence
2025-06-11 12:43:22,903 - VisualEvidenceProcessor - INFO - Computing VISUAL detective predictions for sophisticated agents
2025-06-11 12:43:22,904 - VisualEvidenceProcessor - INFO - Smoothing visual likelihood maps (sigma=1.0)
2025-06-11 12:43:23,462 - src.analysis.plot - INFO - Saved smoothing comparison plot for Agent A to /Users/veronateo/marple-personal/code/debug/snack6/w10_ntemp0.05_stemp0.05_steps25_20250611_124313/plots/smoothing_comparison_agent_A_snack6.png
2025-06-11 12:43:23,913 - src.analysis.plot - INFO - Saved smoothing comparison plot for Agent B to /Users/veronateo/marple-personal/code/debug/snack6/w10_ntemp0.05_stemp0.05_steps25_20250611_124313/plots/smoothing_comparison_agent_B_snack6.png
2025-06-11 12:43:23,914 - src.utils.evidence_utils - INFO - Saved 53 detective predictions to snack6_sophisticated_visual_predictions.json
2025-06-11 12:43:23,914 - RSMSimulator - INFO - ===== Finished Trial: snack6 =====
2025-06-11 12:43:23,914 - RSMSimulator - INFO - RSMSimulator simulation completed
2025-06-11 12:43:23,914 - src.cli - INFO - Generating automatic plots for simulation results...
2025-06-11 12:43:23,914 - src.analysis.plot - INFO - Creating visual evidence plots for trial snack6 in /Users/veronateo/marple-personal/code/debug/snack6/w10_ntemp0.05_stemp0.05_steps25_20250611_124313
2025-06-11 12:43:24,155 - src.analysis.plot - INFO - Saved heatmap for Agent A to /Users/veronateo/marple-personal/code/debug/snack6/w10_ntemp0.05_stemp0.05_steps25_20250611_124313/plots/heatmap_return_from_fridge_agent_A_snack6_naive.png
2025-06-11 12:43:24,388 - src.analysis.plot - INFO - Saved heatmap for Agent B to /Users/veronateo/marple-personal/code/debug/snack6/w10_ntemp0.05_stemp0.05_steps25_20250611_124313/plots/heatmap_return_from_fridge_agent_B_snack6_naive.png
2025-06-11 12:43:24,726 - src.analysis.plot - INFO - Saved heatmap for Agent A to /Users/veronateo/marple-personal/code/debug/snack6/w10_ntemp0.05_stemp0.05_steps25_20250611_124313/plots/heatmap_to_fridge_agent_A_snack6_naive.png
2025-06-11 12:43:24,959 - src.analysis.plot - INFO - Saved heatmap for Agent B to /Users/veronateo/marple-personal/code/debug/snack6/w10_ntemp0.05_stemp0.05_steps25_20250611_124313/plots/heatmap_to_fridge_agent_B_snack6_naive.png
2025-06-11 12:43:25,203 - src.analysis.plot - INFO - Saved heatmap for Agent A to /Users/veronateo/marple-personal/code/debug/snack6/w10_ntemp0.05_stemp0.05_steps25_20250611_124313/plots/heatmap_return_from_fridge_agent_A_snack6_sophisticated.png
2025-06-11 12:43:25,451 - src.analysis.plot - INFO - Saved heatmap for Agent B to /Users/veronateo/marple-personal/code/debug/snack6/w10_ntemp0.05_stemp0.05_steps25_20250611_124313/plots/heatmap_return_from_fridge_agent_B_snack6_sophisticated.png
2025-06-11 12:43:25,728 - src.analysis.plot - INFO - Saved heatmap for Agent A to /Users/veronateo/marple-personal/code/debug/snack6/w10_ntemp0.05_stemp0.05_steps25_20250611_124313/plots/heatmap_to_fridge_agent_A_snack6_sophisticated.png
2025-06-11 12:43:25,966 - src.analysis.plot - INFO - Saved heatmap for Agent B to /Users/veronateo/marple-personal/code/debug/snack6/w10_ntemp0.05_stemp0.05_steps25_20250611_124313/plots/heatmap_to_fridge_agent_B_snack6_sophisticated.png
2025-06-11 12:43:26,202 - src.analysis.plot - INFO - Saved crumb planting heatmap for Agent A to /Users/veronateo/marple-personal/code/debug/snack6/w10_ntemp0.05_stemp0.05_steps25_20250611_124313/plots/crumb_planting_heatmap_agent_A_snack6.png
2025-06-11 12:43:26,464 - src.analysis.plot - INFO - Saved crumb planting heatmap for Agent B to /Users/veronateo/marple-personal/code/debug/snack6/w10_ntemp0.05_stemp0.05_steps25_20250611_124313/plots/crumb_planting_heatmap_agent_B_snack6.png
2025-06-11 12:43:26,465 - src.analysis.plot - INFO - Plotted 53 predictions on full apartment grid
2025-06-11 12:43:26,679 - src.analysis.plot - INFO - Saved detective predictions heatmap to /Users/veronateo/marple-personal/code/debug/snack6/w10_ntemp0.05_stemp0.05_steps25_20250611_124313/plots/detective_preds_heatmap_naive_visual_snack6.png
2025-06-11 12:43:26,680 - src.analysis.plot - INFO - Plotted 53 predictions on full apartment grid
2025-06-11 12:43:26,894 - src.analysis.plot - INFO - Saved detective predictions heatmap to /Users/veronateo/marple-personal/code/debug/snack6/w10_ntemp0.05_stemp0.05_steps25_20250611_124313/plots/detective_preds_heatmap_sophisticated_visual_snack6.png
2025-06-11 12:43:26,894 - src.analysis.plot - INFO - Completed visual evidence plots for snack6
2025-06-11 12:43:26,894 - src.cli - INFO - Generated visual plots for trial snack6
2025-06-11 12:43:26,894 - src.cli - INFO - RSM simulation completed. Results: 1 trials processed
