2025-06-11 12:50:48,462 - src.cli - INFO - Starting RSM simulation - Log: /Users/veronateo/marple-personal/code/debug/snack6/w20_ntemp0.05_stemp0.05_steps25_20250611_125048/simulation.log
2025-06-11 12:50:48,462 - src.cli - INFO - Saved metadata to /Users/veronateo/marple-personal/code/debug/snack6/w20_ntemp0.05_stemp0.05_steps25_20250611_125048/metadata.json
2025-06-11 12:50:48,462 - src.cli - INFO - Trials to run: ['snack6_A1.json']
2025-06-11 12:50:48,462 - RSMSimulator - INFO - Starting RSMSimulator simulation with visual evidence
2025-06-11 12:50:48,463 - RSMSimulator - INFO - ===== Running Trial: snack6 =====
2025-06-11 12:50:48,463 - RSMSimulator - INFO - Generating 50 suspect paths and 1000 detective paths
2025-06-11 12:50:48,647 - src.core.world.utils - INFO - Loaded simple path sequences for snack6 from cache
2025-06-11 12:50:48,647 - Suspect[suspect_rsm] - INFO - Initialized Suspect with suspect data
2025-06-11 12:50:48,647 - Detective[detective_rsm] - INFO - Initialized Detective with detective data
2025-06-11 12:50:48,647 - RSMSimulator - INFO - --- Simulating Level 1 (Naive Agent) ---
2025-06-11 12:50:48,647 - Suspect[suspect_rsm] - INFO - Simulating naive suspect paths using visual evidence
2025-06-11 12:50:50,180 - src.utils.io_utils - INFO - Saved 100 sampled paths to /Users/veronateo/marple-personal/code/debug/snack6/w20_ntemp0.05_stemp0.05_steps25_20250611_125048/snack6_sampled_paths_naive.csv
2025-06-11 12:50:50,180 - Suspect[suspect_rsm] - INFO - Simulating naive suspect paths using visual evidence
2025-06-11 12:50:51,644 - Detective[detective_rsm] - INFO - Simulating detective modeling naive suspects using visual evidence
2025-06-11 12:50:51,645 - VisualEvidenceProcessor - INFO - Computing VISUAL detective predictions for naive agents
2025-06-11 12:50:51,728 - src.utils.evidence_utils - INFO - Saved 53 detective predictions to snack6_naive_visual_predictions.json
2025-06-11 12:50:51,728 - RSMSimulator - INFO - Smoothing visual likelihood maps (sigma=1.0)
2025-06-11 12:50:51,729 - RSMSimulator - INFO - --- Simulating Level 2 (Sophisticated Agent) ---
2025-06-11 12:50:51,729 - Suspect[suspect_rsm] - INFO - Simulating sophisticated suspect paths using visual evidence
2025-06-11 12:50:51,729 - PathSampler - INFO - No cache found. Computing utilities for ('A', 'sophisticated', 'visual')
2025-06-11 12:50:53,128 - PathSampler - INFO - No cache found. Computing utilities for ('B', 'sophisticated', 'visual')
2025-06-11 12:50:57,275 - src.utils.io_utils - INFO - Saved 100 sampled paths to /Users/veronateo/marple-personal/code/debug/snack6/w20_ntemp0.05_stemp0.05_steps25_20250611_125048/snack6_sampled_paths_sophisticated.csv
2025-06-11 12:50:57,276 - Suspect[suspect_rsm] - INFO - Simulating sophisticated suspect paths using visual evidence
2025-06-11 12:50:57,276 - PathSampler - INFO - Using cached utilities for ('A', 'sophisticated', 'visual')
2025-06-11 12:50:57,552 - PathSampler - INFO - Using cached utilities for ('B', 'sophisticated', 'visual')
2025-06-11 12:50:58,489 - Detective[detective_rsm] - INFO - Simulating detective modeling sophisticated suspects using visual evidence
2025-06-11 12:50:58,490 - VisualEvidenceProcessor - INFO - Computing VISUAL detective predictions for sophisticated agents
2025-06-11 12:50:58,491 - VisualEvidenceProcessor - INFO - Smoothing visual likelihood maps (sigma=1.0)
2025-06-11 12:50:59,086 - src.analysis.plot - INFO - Saved smoothing comparison plot for Agent A to /Users/veronateo/marple-personal/code/debug/snack6/w20_ntemp0.05_stemp0.05_steps25_20250611_125048/plots/smoothing_comparison_agent_A_snack6.png
2025-06-11 12:50:59,547 - src.analysis.plot - INFO - Saved smoothing comparison plot for Agent B to /Users/veronateo/marple-personal/code/debug/snack6/w20_ntemp0.05_stemp0.05_steps25_20250611_125048/plots/smoothing_comparison_agent_B_snack6.png
2025-06-11 12:50:59,548 - src.utils.evidence_utils - INFO - Saved 53 detective predictions to snack6_sophisticated_visual_predictions.json
2025-06-11 12:50:59,549 - RSMSimulator - INFO - ===== Finished Trial: snack6 =====
2025-06-11 12:50:59,549 - RSMSimulator - INFO - RSMSimulator simulation completed
2025-06-11 12:50:59,549 - src.cli - INFO - Generating automatic plots for simulation results...
2025-06-11 12:50:59,549 - src.analysis.plot - INFO - Creating visual evidence plots for trial snack6 in /Users/veronateo/marple-personal/code/debug/snack6/w20_ntemp0.05_stemp0.05_steps25_20250611_125048
2025-06-11 12:50:59,793 - src.analysis.plot - INFO - Saved heatmap for Agent A to /Users/veronateo/marple-personal/code/debug/snack6/w20_ntemp0.05_stemp0.05_steps25_20250611_125048/plots/heatmap_return_from_fridge_agent_A_snack6_naive.png
2025-06-11 12:51:00,032 - src.analysis.plot - INFO - Saved heatmap for Agent B to /Users/veronateo/marple-personal/code/debug/snack6/w20_ntemp0.05_stemp0.05_steps25_20250611_125048/plots/heatmap_return_from_fridge_agent_B_snack6_naive.png
2025-06-11 12:51:00,363 - src.analysis.plot - INFO - Saved heatmap for Agent A to /Users/veronateo/marple-personal/code/debug/snack6/w20_ntemp0.05_stemp0.05_steps25_20250611_125048/plots/heatmap_to_fridge_agent_A_snack6_naive.png
2025-06-11 12:51:00,604 - src.analysis.plot - INFO - Saved heatmap for Agent B to /Users/veronateo/marple-personal/code/debug/snack6/w20_ntemp0.05_stemp0.05_steps25_20250611_125048/plots/heatmap_to_fridge_agent_B_snack6_naive.png
2025-06-11 12:51:00,846 - src.analysis.plot - INFO - Saved heatmap for Agent A to /Users/veronateo/marple-personal/code/debug/snack6/w20_ntemp0.05_stemp0.05_steps25_20250611_125048/plots/heatmap_return_from_fridge_agent_A_snack6_sophisticated.png
2025-06-11 12:51:01,086 - src.analysis.plot - INFO - Saved heatmap for Agent B to /Users/veronateo/marple-personal/code/debug/snack6/w20_ntemp0.05_stemp0.05_steps25_20250611_125048/plots/heatmap_return_from_fridge_agent_B_snack6_sophisticated.png
2025-06-11 12:51:01,360 - src.analysis.plot - INFO - Saved heatmap for Agent A to /Users/veronateo/marple-personal/code/debug/snack6/w20_ntemp0.05_stemp0.05_steps25_20250611_125048/plots/heatmap_to_fridge_agent_A_snack6_sophisticated.png
2025-06-11 12:51:01,601 - src.analysis.plot - INFO - Saved heatmap for Agent B to /Users/veronateo/marple-personal/code/debug/snack6/w20_ntemp0.05_stemp0.05_steps25_20250611_125048/plots/heatmap_to_fridge_agent_B_snack6_sophisticated.png
2025-06-11 12:51:01,835 - src.analysis.plot - INFO - Saved crumb planting heatmap for Agent A to /Users/veronateo/marple-personal/code/debug/snack6/w20_ntemp0.05_stemp0.05_steps25_20250611_125048/plots/crumb_planting_heatmap_agent_A_snack6.png
2025-06-11 12:51:02,108 - src.analysis.plot - INFO - Saved crumb planting heatmap for Agent B to /Users/veronateo/marple-personal/code/debug/snack6/w20_ntemp0.05_stemp0.05_steps25_20250611_125048/plots/crumb_planting_heatmap_agent_B_snack6.png
2025-06-11 12:51:02,109 - src.analysis.plot - INFO - Plotted 53 predictions on full apartment grid
2025-06-11 12:51:02,323 - src.analysis.plot - INFO - Saved detective predictions heatmap to /Users/veronateo/marple-personal/code/debug/snack6/w20_ntemp0.05_stemp0.05_steps25_20250611_125048/plots/detective_preds_heatmap_naive_visual_snack6.png
2025-06-11 12:51:02,325 - src.analysis.plot - INFO - Plotted 53 predictions on full apartment grid
2025-06-11 12:51:02,545 - src.analysis.plot - INFO - Saved detective predictions heatmap to /Users/veronateo/marple-personal/code/debug/snack6/w20_ntemp0.05_stemp0.05_steps25_20250611_125048/plots/detective_preds_heatmap_sophisticated_visual_snack6.png
2025-06-11 12:51:02,545 - src.analysis.plot - INFO - Completed visual evidence plots for snack6
2025-06-11 12:51:02,545 - src.cli - INFO - Generated visual plots for trial snack6
2025-06-11 12:51:02,545 - src.cli - INFO - RSM simulation completed. Results: 1 trials processed
