2025-06-11 12:33:11,767 - src.cli - INFO - Starting RSM simulation - Log: /Users/veronateo/marple-personal/code/debug/snack1/w10_ntemp0.05_stemp0.05_steps25_20250611_123311/simulation.log
2025-06-11 12:33:11,767 - src.cli - INFO - Saved metadata to /Users/veronateo/marple-personal/code/debug/snack1/w10_ntemp0.05_stemp0.05_steps25_20250611_123311/metadata.json
2025-06-11 12:33:11,767 - src.cli - INFO - Trials to run: ['snack1_A1.json']
2025-06-11 12:33:11,767 - RSMSimulator - INFO - Starting RSMSimulator simulation with visual evidence
2025-06-11 12:33:11,767 - RSMSimulator - INFO - ===== Running Trial: snack1 =====
2025-06-11 12:33:11,769 - RSMSimulator - INFO - Generating 50 suspect paths and 1000 detective paths
2025-06-11 12:33:11,827 - src.core.world.utils - INFO - Loaded simple path sequences for snack1 from cache
2025-06-11 12:33:11,827 - Suspect[suspect_rsm] - INFO - Initialized Suspect with suspect data
2025-06-11 12:33:11,827 - Detective[detective_rsm] - INFO - Initialized Detective with detective data
2025-06-11 12:33:11,827 - RSMSimulator - INFO - --- Simulating Level 1 (Naive Agent) ---
2025-06-11 12:33:11,827 - Suspect[suspect_rsm] - INFO - Simulating naive suspect paths using visual evidence
2025-06-11 12:33:12,509 - src.utils.io_utils - INFO - Saved 100 sampled paths to /Users/veronateo/marple-personal/code/debug/snack1/w10_ntemp0.05_stemp0.05_steps25_20250611_123311/snack1_sampled_paths_naive.csv
2025-06-11 12:33:12,509 - Suspect[suspect_rsm] - INFO - Simulating naive suspect paths using visual evidence
2025-06-11 12:33:13,123 - Detective[detective_rsm] - INFO - Simulating detective modeling naive suspects using visual evidence
2025-06-11 12:33:13,123 - VisualEvidenceProcessor - INFO - Computing VISUAL detective predictions for naive agents
2025-06-11 12:33:13,215 - src.utils.evidence_utils - INFO - Saved 51 detective predictions to snack1_naive_visual_predictions.json
2025-06-11 12:33:13,215 - RSMSimulator - INFO - Smoothing visual likelihood maps (sigma=1.0)
2025-06-11 12:33:13,215 - RSMSimulator - INFO - --- Simulating Level 2 (Sophisticated Agent) ---
2025-06-11 12:33:13,216 - Suspect[suspect_rsm] - INFO - Simulating sophisticated suspect paths using visual evidence
2025-06-11 12:33:13,216 - PathSampler - INFO - No cache found. Computing utilities for ('A', 'sophisticated', 'visual')
2025-06-11 12:33:13,221 - PathSampler - INFO - No cache found. Computing utilities for ('B', 'sophisticated', 'visual')
2025-06-11 12:33:13,968 - src.utils.io_utils - INFO - Saved 100 sampled paths to /Users/veronateo/marple-personal/code/debug/snack1/w10_ntemp0.05_stemp0.05_steps25_20250611_123311/snack1_sampled_paths_sophisticated.csv
2025-06-11 12:33:13,968 - Suspect[suspect_rsm] - INFO - Simulating sophisticated suspect paths using visual evidence
2025-06-11 12:33:13,968 - PathSampler - INFO - Using cached utilities for ('A', 'sophisticated', 'visual')
2025-06-11 12:33:13,973 - PathSampler - INFO - Using cached utilities for ('B', 'sophisticated', 'visual')
2025-06-11 12:33:14,513 - Detective[detective_rsm] - INFO - Simulating detective modeling sophisticated suspects using visual evidence
2025-06-11 12:33:14,513 - VisualEvidenceProcessor - INFO - Computing VISUAL detective predictions for sophisticated agents
2025-06-11 12:33:14,514 - VisualEvidenceProcessor - INFO - Smoothing visual likelihood maps (sigma=1.0)
2025-06-11 12:33:15,080 - src.analysis.plot - INFO - Saved smoothing comparison plot for Agent A to /Users/veronateo/marple-personal/code/debug/snack1/w10_ntemp0.05_stemp0.05_steps25_20250611_123311/plots/smoothing_comparison_agent_A_snack1.png
2025-06-11 12:33:15,537 - src.analysis.plot - INFO - Saved smoothing comparison plot for Agent B to /Users/veronateo/marple-personal/code/debug/snack1/w10_ntemp0.05_stemp0.05_steps25_20250611_123311/plots/smoothing_comparison_agent_B_snack1.png
2025-06-11 12:33:15,538 - src.utils.evidence_utils - INFO - Saved 51 detective predictions to snack1_sophisticated_visual_predictions.json
2025-06-11 12:33:15,538 - RSMSimulator - INFO - ===== Finished Trial: snack1 =====
2025-06-11 12:33:15,538 - RSMSimulator - INFO - RSMSimulator simulation completed
2025-06-11 12:33:15,538 - src.cli - INFO - Generating automatic plots for simulation results...
2025-06-11 12:33:15,538 - src.analysis.plot - INFO - Creating visual evidence plots for trial snack1 in /Users/veronateo/marple-personal/code/debug/snack1/w10_ntemp0.05_stemp0.05_steps25_20250611_123311
2025-06-11 12:33:15,775 - src.analysis.plot - INFO - Saved heatmap for Agent A to /Users/veronateo/marple-personal/code/debug/snack1/w10_ntemp0.05_stemp0.05_steps25_20250611_123311/plots/heatmap_return_from_fridge_agent_A_snack1_naive.png
2025-06-11 12:33:16,059 - src.analysis.plot - INFO - Saved heatmap for Agent B to /Users/veronateo/marple-personal/code/debug/snack1/w10_ntemp0.05_stemp0.05_steps25_20250611_123311/plots/heatmap_return_from_fridge_agent_B_snack1_naive.png
2025-06-11 12:33:16,294 - src.analysis.plot - INFO - Saved heatmap for Agent A to /Users/veronateo/marple-personal/code/debug/snack1/w10_ntemp0.05_stemp0.05_steps25_20250611_123311/plots/heatmap_to_fridge_agent_A_snack1_naive.png
2025-06-11 12:33:16,531 - src.analysis.plot - INFO - Saved heatmap for Agent B to /Users/veronateo/marple-personal/code/debug/snack1/w10_ntemp0.05_stemp0.05_steps25_20250611_123311/plots/heatmap_to_fridge_agent_B_snack1_naive.png
2025-06-11 12:33:16,792 - src.analysis.plot - INFO - Saved heatmap for Agent A to /Users/veronateo/marple-personal/code/debug/snack1/w10_ntemp0.05_stemp0.05_steps25_20250611_123311/plots/heatmap_return_from_fridge_agent_A_snack1_sophisticated.png
2025-06-11 12:33:17,027 - src.analysis.plot - INFO - Saved heatmap for Agent B to /Users/veronateo/marple-personal/code/debug/snack1/w10_ntemp0.05_stemp0.05_steps25_20250611_123311/plots/heatmap_return_from_fridge_agent_B_snack1_sophisticated.png
2025-06-11 12:33:17,260 - src.analysis.plot - INFO - Saved heatmap for Agent A to /Users/veronateo/marple-personal/code/debug/snack1/w10_ntemp0.05_stemp0.05_steps25_20250611_123311/plots/heatmap_to_fridge_agent_A_snack1_sophisticated.png
2025-06-11 12:33:17,499 - src.analysis.plot - INFO - Saved heatmap for Agent B to /Users/veronateo/marple-personal/code/debug/snack1/w10_ntemp0.05_stemp0.05_steps25_20250611_123311/plots/heatmap_to_fridge_agent_B_snack1_sophisticated.png
2025-06-11 12:33:17,767 - src.analysis.plot - INFO - Saved crumb planting heatmap for Agent A to /Users/veronateo/marple-personal/code/debug/snack1/w10_ntemp0.05_stemp0.05_steps25_20250611_123311/plots/crumb_planting_heatmap_agent_A_snack1.png
2025-06-11 12:33:17,997 - src.analysis.plot - INFO - Saved crumb planting heatmap for Agent B to /Users/veronateo/marple-personal/code/debug/snack1/w10_ntemp0.05_stemp0.05_steps25_20250611_123311/plots/crumb_planting_heatmap_agent_B_snack1.png
2025-06-11 12:33:17,998 - src.analysis.plot - INFO - Plotted 51 predictions on full apartment grid
2025-06-11 12:33:18,207 - src.analysis.plot - INFO - Saved detective predictions heatmap to /Users/veronateo/marple-personal/code/debug/snack1/w10_ntemp0.05_stemp0.05_steps25_20250611_123311/plots/detective_preds_heatmap_naive_visual_snack1.png
2025-06-11 12:33:18,208 - src.analysis.plot - INFO - Plotted 51 predictions on full apartment grid
2025-06-11 12:33:18,417 - src.analysis.plot - INFO - Saved detective predictions heatmap to /Users/veronateo/marple-personal/code/debug/snack1/w10_ntemp0.05_stemp0.05_steps25_20250611_123311/plots/detective_preds_heatmap_sophisticated_visual_snack1.png
2025-06-11 12:33:18,417 - src.analysis.plot - INFO - Completed visual evidence plots for snack1
2025-06-11 12:33:18,417 - src.cli - INFO - Generated visual plots for trial snack1
2025-06-11 12:33:18,417 - src.cli - INFO - RSM simulation completed. Results: 1 trials processed
