2025-06-06 17:33:12,248 - src.cli - INFO - Starting RSM simulation - Log: /Users/veronateo/marple-personal/code/debug/snack6/w0.3_ntemp0.05_stemp0.05_steps25_20250606_173312/simulation.log
2025-06-06 17:33:12,248 - src.cli - INFO - Saved metadata to /Users/veronateo/marple-personal/code/debug/snack6/w0.3_ntemp0.05_stemp0.05_steps25_20250606_173312/metadata.json
2025-06-06 17:33:12,248 - src.cli - INFO - Trials to run: ['snack6_A1.json']
2025-06-06 17:33:12,248 - RSMSimulator - INFO - Starting RSMSimulator simulation with visual evidence
2025-06-06 17:33:12,248 - RSMSimulator - INFO - ===== Running Trial: snack6 =====
2025-06-06 17:33:12,249 - RSMSimulator - INFO - Generating 50 suspect paths and 1000 detective paths
2025-06-06 17:33:12,320 - src.core.world.utils - INFO - Loaded simple path sequences for snack6 from cache
2025-06-06 17:33:12,320 - Suspect[suspect_rsm] - INFO - Initialized Suspect with suspect data
2025-06-06 17:33:12,320 - Detective[detective_rsm] - INFO - Initialized Detective with detective data
2025-06-06 17:33:12,320 - RSMSimulator - INFO - --- Simulating Level 1 (Naive Agent) ---
2025-06-06 17:33:12,320 - Suspect[suspect_rsm] - INFO - Simulating naive suspect paths using visual evidence
2025-06-06 17:33:13,466 - src.utils.io_utils - INFO - Saved 100 sampled paths to /Users/veronateo/marple-personal/code/debug/snack6/w0.3_ntemp0.05_stemp0.05_steps25_20250606_173312/snack6_sampled_paths_naive.csv
2025-06-06 17:33:13,466 - Suspect[suspect_rsm] - INFO - Simulating naive suspect paths using visual evidence
2025-06-06 17:33:14,574 - Detective[detective_rsm] - INFO - Simulating detective modeling naive suspects using visual evidence
2025-06-06 17:33:14,574 - VisualEvidenceProcessor - INFO - Computing VISUAL detective predictions for naive agents
2025-06-06 17:33:14,624 - src.utils.evidence_utils - INFO - Saved 53 detective predictions to snack6_naive_visual_predictions.json
2025-06-06 17:33:14,624 - RSMSimulator - INFO - Smoothing visual likelihood maps (sigma=1.0)
2025-06-06 17:33:14,624 - RSMSimulator - INFO - --- Simulating Level 2 (Sophisticated Agent) ---
2025-06-06 17:33:14,624 - Suspect[suspect_rsm] - INFO - Simulating sophisticated suspect paths using visual evidence
2025-06-06 17:33:14,624 - PathSampler - INFO - No cache found. Computing utilities for ('A', 'sophisticated', 'visual')
2025-06-06 17:33:14,892 - PathSampler - INFO - No cache found. Computing utilities for ('B', 'sophisticated', 'visual')
2025-06-06 17:33:15,858 - src.utils.io_utils - INFO - Saved 100 sampled paths to /Users/veronateo/marple-personal/code/debug/snack6/w0.3_ntemp0.05_stemp0.05_steps25_20250606_173312/snack6_sampled_paths_sophisticated.csv
2025-06-06 17:33:15,858 - Suspect[suspect_rsm] - INFO - Simulating sophisticated suspect paths using visual evidence
2025-06-06 17:33:15,858 - PathSampler - INFO - Using cached utilities for ('A', 'sophisticated', 'visual')
2025-06-06 17:33:16,059 - PathSampler - INFO - Using cached utilities for ('B', 'sophisticated', 'visual')
2025-06-06 17:33:16,782 - Detective[detective_rsm] - INFO - Simulating detective modeling sophisticated suspects using visual evidence
2025-06-06 17:33:16,782 - VisualEvidenceProcessor - INFO - Computing VISUAL detective predictions for sophisticated agents
2025-06-06 17:33:16,782 - VisualEvidenceProcessor - INFO - Smoothing visual likelihood maps (sigma=1.0)
2025-06-06 17:33:17,205 - src.analysis.plot - INFO - Saved smoothing comparison plot for Agent A to /Users/veronateo/marple-personal/code/debug/snack6/w0.3_ntemp0.05_stemp0.05_steps25_20250606_173312/plots/smoothing_comparison_agent_A_snack6.png
2025-06-06 17:33:17,557 - src.analysis.plot - INFO - Saved smoothing comparison plot for Agent B to /Users/veronateo/marple-personal/code/debug/snack6/w0.3_ntemp0.05_stemp0.05_steps25_20250606_173312/plots/smoothing_comparison_agent_B_snack6.png
2025-06-06 17:33:17,558 - src.utils.evidence_utils - INFO - Saved 53 detective predictions to snack6_sophisticated_visual_predictions.json
2025-06-06 17:33:17,558 - RSMSimulator - INFO - ===== Finished Trial: snack6 =====
2025-06-06 17:33:17,558 - RSMSimulator - INFO - RSMSimulator simulation completed
2025-06-06 17:33:17,559 - src.cli - INFO - Generating automatic plots for simulation results...
2025-06-06 17:33:17,559 - src.analysis.plot - INFO - Creating visual evidence plots for trial snack6 in /Users/veronateo/marple-personal/code/debug/snack6/w0.3_ntemp0.05_stemp0.05_steps25_20250606_173312
2025-06-06 17:33:17,732 - src.analysis.plot - INFO - Saved heatmap for Agent A to /Users/veronateo/marple-personal/code/debug/snack6/w0.3_ntemp0.05_stemp0.05_steps25_20250606_173312/plots/heatmap_return_from_fridge_agent_A_snack6_naive.png
2025-06-06 17:33:17,896 - src.analysis.plot - INFO - Saved heatmap for Agent B to /Users/veronateo/marple-personal/code/debug/snack6/w0.3_ntemp0.05_stemp0.05_steps25_20250606_173312/plots/heatmap_return_from_fridge_agent_B_snack6_naive.png
2025-06-06 17:33:18,065 - src.analysis.plot - INFO - Saved heatmap for Agent A to /Users/veronateo/marple-personal/code/debug/snack6/w0.3_ntemp0.05_stemp0.05_steps25_20250606_173312/plots/heatmap_to_fridge_agent_A_snack6_naive.png
2025-06-06 17:33:18,315 - src.analysis.plot - INFO - Saved heatmap for Agent B to /Users/veronateo/marple-personal/code/debug/snack6/w0.3_ntemp0.05_stemp0.05_steps25_20250606_173312/plots/heatmap_to_fridge_agent_B_snack6_naive.png
2025-06-06 17:33:18,494 - src.analysis.plot - INFO - Saved heatmap for Agent A to /Users/veronateo/marple-personal/code/debug/snack6/w0.3_ntemp0.05_stemp0.05_steps25_20250606_173312/plots/heatmap_return_from_fridge_agent_A_snack6_sophisticated.png
2025-06-06 17:33:18,670 - src.analysis.plot - INFO - Saved heatmap for Agent B to /Users/veronateo/marple-personal/code/debug/snack6/w0.3_ntemp0.05_stemp0.05_steps25_20250606_173312/plots/heatmap_return_from_fridge_agent_B_snack6_sophisticated.png
2025-06-06 17:33:18,847 - src.analysis.plot - INFO - Saved heatmap for Agent A to /Users/veronateo/marple-personal/code/debug/snack6/w0.3_ntemp0.05_stemp0.05_steps25_20250606_173312/plots/heatmap_to_fridge_agent_A_snack6_sophisticated.png
2025-06-06 17:33:19,056 - src.analysis.plot - INFO - Saved heatmap for Agent B to /Users/veronateo/marple-personal/code/debug/snack6/w0.3_ntemp0.05_stemp0.05_steps25_20250606_173312/plots/heatmap_to_fridge_agent_B_snack6_sophisticated.png
2025-06-06 17:33:19,225 - src.analysis.plot - INFO - Saved crumb planting heatmap for Agent A to /Users/veronateo/marple-personal/code/debug/snack6/w0.3_ntemp0.05_stemp0.05_steps25_20250606_173312/plots/crumb_planting_heatmap_agent_A_snack6.png
2025-06-06 17:33:19,389 - src.analysis.plot - INFO - Saved crumb planting heatmap for Agent B to /Users/veronateo/marple-personal/code/debug/snack6/w0.3_ntemp0.05_stemp0.05_steps25_20250606_173312/plots/crumb_planting_heatmap_agent_B_snack6.png
2025-06-06 17:33:19,390 - src.analysis.plot - INFO - Plotted 53 predictions on full apartment grid
2025-06-06 17:33:19,543 - src.analysis.plot - INFO - Saved detective predictions heatmap to /Users/veronateo/marple-personal/code/debug/snack6/w0.3_ntemp0.05_stemp0.05_steps25_20250606_173312/plots/detective_preds_heatmap_naive_visual_snack6.png
2025-06-06 17:33:19,544 - src.analysis.plot - INFO - Plotted 53 predictions on full apartment grid
2025-06-06 17:33:19,697 - src.analysis.plot - INFO - Saved detective predictions heatmap to /Users/veronateo/marple-personal/code/debug/snack6/w0.3_ntemp0.05_stemp0.05_steps25_20250606_173312/plots/detective_preds_heatmap_sophisticated_visual_snack6.png
2025-06-06 17:33:19,697 - src.analysis.plot - INFO - Completed visual evidence plots for snack6
2025-06-06 17:33:19,697 - src.cli - INFO - Generated visual plots for trial snack6
2025-06-06 17:33:19,697 - src.cli - INFO - RSM simulation completed. Results: 1 trials processed
