2025-06-11 13:00:49,132 - src.cli - INFO - Starting RSM simulation - Log: /Users/veronateo/marple-personal/code/debug/snack6/w20_ntemp0.1_stemp0.1_steps25_20250611_130049/simulation.log
2025-06-11 13:00:49,132 - src.cli - INFO - Saved metadata to /Users/veronateo/marple-personal/code/debug/snack6/w20_ntemp0.1_stemp0.1_steps25_20250611_130049/metadata.json
2025-06-11 13:00:49,132 - src.cli - INFO - Trials to run: ['snack6_A1.json']
2025-06-11 13:00:49,132 - RSMSimulator - INFO - Starting RSMSimulator simulation with visual evidence
2025-06-11 13:00:49,132 - RSMSimulator - INFO - ===== Running Trial: snack6 =====
2025-06-11 13:00:49,133 - RSMSimulator - INFO - Generating 50 suspect paths and 1000 detective paths
2025-06-11 13:00:49,312 - src.core.world.utils - INFO - Loaded simple path sequences for snack6 from cache
2025-06-11 13:00:49,312 - Suspect[suspect_rsm] - INFO - Initialized Suspect with suspect data
2025-06-11 13:00:49,312 - Detective[detective_rsm] - INFO - Initialized Detective with detective data
2025-06-11 13:00:49,312 - RSMSimulator - INFO - --- Simulating Level 1 (Naive Agent) ---
2025-06-11 13:00:49,312 - Suspect[suspect_rsm] - INFO - Simulating naive suspect paths using visual evidence
2025-06-11 13:00:50,839 - src.utils.io_utils - INFO - Saved 100 sampled paths to /Users/veronateo/marple-personal/code/debug/snack6/w20_ntemp0.1_stemp0.1_steps25_20250611_130049/snack6_sampled_paths_naive.csv
2025-06-11 13:00:50,839 - Suspect[suspect_rsm] - INFO - Simulating naive suspect paths using visual evidence
2025-06-11 13:00:52,365 - Detective[detective_rsm] - INFO - Simulating detective modeling naive suspects using visual evidence
2025-06-11 13:00:52,365 - VisualEvidenceProcessor - INFO - Computing VISUAL detective predictions for naive agents
2025-06-11 13:00:52,476 - src.utils.evidence_utils - INFO - Saved 53 detective predictions to snack6_naive_visual_predictions.json
2025-06-11 13:00:52,476 - RSMSimulator - INFO - Smoothing visual likelihood maps (sigma=1.0)
2025-06-11 13:00:52,477 - RSMSimulator - INFO - --- Simulating Level 2 (Sophisticated Agent) ---
2025-06-11 13:00:52,477 - Suspect[suspect_rsm] - INFO - Simulating sophisticated suspect paths using visual evidence
2025-06-11 13:00:52,477 - PathSampler - INFO - No cache found. Computing utilities for ('A', 'sophisticated', 'visual')
2025-06-11 13:00:53,640 - PathSampler - INFO - No cache found. Computing utilities for ('B', 'sophisticated', 'visual')
2025-06-11 13:00:57,558 - src.utils.io_utils - INFO - Saved 100 sampled paths to /Users/veronateo/marple-personal/code/debug/snack6/w20_ntemp0.1_stemp0.1_steps25_20250611_130049/snack6_sampled_paths_sophisticated.csv
2025-06-11 13:00:57,558 - Suspect[suspect_rsm] - INFO - Simulating sophisticated suspect paths using visual evidence
2025-06-11 13:00:57,558 - PathSampler - INFO - Using cached utilities for ('A', 'sophisticated', 'visual')
2025-06-11 13:00:57,836 - PathSampler - INFO - Using cached utilities for ('B', 'sophisticated', 'visual')
2025-06-11 13:00:58,840 - Detective[detective_rsm] - INFO - Simulating detective modeling sophisticated suspects using visual evidence
2025-06-11 13:00:58,840 - VisualEvidenceProcessor - INFO - Computing VISUAL detective predictions for sophisticated agents
2025-06-11 13:00:58,841 - VisualEvidenceProcessor - INFO - Smoothing visual likelihood maps (sigma=1.0)
2025-06-11 13:00:59,429 - src.analysis.plot - INFO - Saved smoothing comparison plot for Agent A to /Users/veronateo/marple-personal/code/debug/snack6/w20_ntemp0.1_stemp0.1_steps25_20250611_130049/plots/smoothing_comparison_agent_A_snack6.png
2025-06-11 13:00:59,889 - src.analysis.plot - INFO - Saved smoothing comparison plot for Agent B to /Users/veronateo/marple-personal/code/debug/snack6/w20_ntemp0.1_stemp0.1_steps25_20250611_130049/plots/smoothing_comparison_agent_B_snack6.png
2025-06-11 13:00:59,890 - src.utils.evidence_utils - INFO - Saved 53 detective predictions to snack6_sophisticated_visual_predictions.json
2025-06-11 13:00:59,890 - RSMSimulator - INFO - ===== Finished Trial: snack6 =====
2025-06-11 13:00:59,890 - RSMSimulator - INFO - RSMSimulator simulation completed
2025-06-11 13:00:59,890 - src.cli - INFO - Generating automatic plots for simulation results...
2025-06-11 13:00:59,890 - src.analysis.plot - INFO - Creating visual evidence plots for trial snack6 in /Users/veronateo/marple-personal/code/debug/snack6/w20_ntemp0.1_stemp0.1_steps25_20250611_130049
2025-06-11 13:01:00,134 - src.analysis.plot - INFO - Saved heatmap for Agent A to /Users/veronateo/marple-personal/code/debug/snack6/w20_ntemp0.1_stemp0.1_steps25_20250611_130049/plots/heatmap_return_from_fridge_agent_A_snack6_naive.png
2025-06-11 13:01:00,367 - src.analysis.plot - INFO - Saved heatmap for Agent B to /Users/veronateo/marple-personal/code/debug/snack6/w20_ntemp0.1_stemp0.1_steps25_20250611_130049/plots/heatmap_return_from_fridge_agent_B_snack6_naive.png
2025-06-11 13:01:00,701 - src.analysis.plot - INFO - Saved heatmap for Agent A to /Users/veronateo/marple-personal/code/debug/snack6/w20_ntemp0.1_stemp0.1_steps25_20250611_130049/plots/heatmap_to_fridge_agent_A_snack6_naive.png
2025-06-11 13:01:00,938 - src.analysis.plot - INFO - Saved heatmap for Agent B to /Users/veronateo/marple-personal/code/debug/snack6/w20_ntemp0.1_stemp0.1_steps25_20250611_130049/plots/heatmap_to_fridge_agent_B_snack6_naive.png
2025-06-11 13:01:01,178 - src.analysis.plot - INFO - Saved heatmap for Agent A to /Users/veronateo/marple-personal/code/debug/snack6/w20_ntemp0.1_stemp0.1_steps25_20250611_130049/plots/heatmap_return_from_fridge_agent_A_snack6_sophisticated.png
2025-06-11 13:01:01,421 - src.analysis.plot - INFO - Saved heatmap for Agent B to /Users/veronateo/marple-personal/code/debug/snack6/w20_ntemp0.1_stemp0.1_steps25_20250611_130049/plots/heatmap_return_from_fridge_agent_B_snack6_sophisticated.png
2025-06-11 13:01:01,694 - src.analysis.plot - INFO - Saved heatmap for Agent A to /Users/veronateo/marple-personal/code/debug/snack6/w20_ntemp0.1_stemp0.1_steps25_20250611_130049/plots/heatmap_to_fridge_agent_A_snack6_sophisticated.png
2025-06-11 13:01:01,931 - src.analysis.plot - INFO - Saved heatmap for Agent B to /Users/veronateo/marple-personal/code/debug/snack6/w20_ntemp0.1_stemp0.1_steps25_20250611_130049/plots/heatmap_to_fridge_agent_B_snack6_sophisticated.png
2025-06-11 13:01:02,175 - src.analysis.plot - INFO - Saved crumb planting heatmap for Agent A to /Users/veronateo/marple-personal/code/debug/snack6/w20_ntemp0.1_stemp0.1_steps25_20250611_130049/plots/crumb_planting_heatmap_agent_A_snack6.png
2025-06-11 13:01:02,437 - src.analysis.plot - INFO - Saved crumb planting heatmap for Agent B to /Users/veronateo/marple-personal/code/debug/snack6/w20_ntemp0.1_stemp0.1_steps25_20250611_130049/plots/crumb_planting_heatmap_agent_B_snack6.png
2025-06-11 13:01:02,438 - src.analysis.plot - INFO - Plotted 53 predictions on full apartment grid
2025-06-11 13:01:02,652 - src.analysis.plot - INFO - Saved detective predictions heatmap to /Users/veronateo/marple-personal/code/debug/snack6/w20_ntemp0.1_stemp0.1_steps25_20250611_130049/plots/detective_preds_heatmap_naive_visual_snack6.png
2025-06-11 13:01:02,653 - src.analysis.plot - INFO - Plotted 53 predictions on full apartment grid
2025-06-11 13:01:02,866 - src.analysis.plot - INFO - Saved detective predictions heatmap to /Users/veronateo/marple-personal/code/debug/snack6/w20_ntemp0.1_stemp0.1_steps25_20250611_130049/plots/detective_preds_heatmap_sophisticated_visual_snack6.png
2025-06-11 13:01:02,867 - src.analysis.plot - INFO - Completed visual evidence plots for snack6
2025-06-11 13:01:02,867 - src.cli - INFO - Generated visual plots for trial snack6
2025-06-11 13:01:02,867 - src.cli - INFO - RSM simulation completed. Results: 1 trials processed
