2025-06-11 12:31:10,448 - src.cli - INFO - Starting RSM simulation - Log: /Users/veronateo/marple-personal/code/debug/snack1/w1_ntemp0.05_stemp0.05_steps25_20250611_123110/simulation.log
2025-06-11 12:31:10,449 - src.cli - INFO - Saved metadata to /Users/veronateo/marple-personal/code/debug/snack1/w1_ntemp0.05_stemp0.05_steps25_20250611_123110/metadata.json
2025-06-11 12:31:10,449 - src.cli - INFO - Trials to run: ['snack1_A1.json']
2025-06-11 12:31:10,449 - RSMSimulator - INFO - Starting RSMSimulator simulation with visual evidence
2025-06-11 12:31:10,449 - RSMSimulator - INFO - ===== Running Trial: snack1 =====
2025-06-11 12:31:10,450 - RSMSimulator - INFO - Generating 50 suspect paths and 1000 detective paths
2025-06-11 12:31:10,513 - src.core.world.utils - INFO - Loaded simple path sequences for snack1 from cache
2025-06-11 12:31:10,513 - Suspect[suspect_rsm] - INFO - Initialized Suspect with suspect data
2025-06-11 12:31:10,513 - Detective[detective_rsm] - INFO - Initialized Detective with detective data
2025-06-11 12:31:10,513 - RSMSimulator - INFO - --- Simulating Level 1 (Naive Agent) ---
2025-06-11 12:31:10,513 - Suspect[suspect_rsm] - INFO - Simulating naive suspect paths using visual evidence
2025-06-11 12:31:11,175 - src.utils.io_utils - INFO - Saved 100 sampled paths to /Users/veronateo/marple-personal/code/debug/snack1/w1_ntemp0.05_stemp0.05_steps25_20250611_123110/snack1_sampled_paths_naive.csv
2025-06-11 12:31:11,175 - Suspect[suspect_rsm] - INFO - Simulating naive suspect paths using visual evidence
2025-06-11 12:31:11,785 - Detective[detective_rsm] - INFO - Simulating detective modeling naive suspects using visual evidence
2025-06-11 12:31:11,785 - VisualEvidenceProcessor - INFO - Computing VISUAL detective predictions for naive agents
2025-06-11 12:31:11,877 - src.utils.evidence_utils - INFO - Saved 51 detective predictions to snack1_naive_visual_predictions.json
2025-06-11 12:31:11,877 - RSMSimulator - INFO - Smoothing visual likelihood maps (sigma=1.0)
2025-06-11 12:31:11,878 - RSMSimulator - INFO - --- Simulating Level 2 (Sophisticated Agent) ---
2025-06-11 12:31:11,878 - Suspect[suspect_rsm] - INFO - Simulating sophisticated suspect paths using visual evidence
2025-06-11 12:31:11,878 - PathSampler - INFO - No cache found. Computing utilities for ('A', 'sophisticated', 'visual')
2025-06-11 12:31:11,883 - PathSampler - INFO - No cache found. Computing utilities for ('B', 'sophisticated', 'visual')
2025-06-11 12:31:12,619 - src.utils.io_utils - INFO - Saved 100 sampled paths to /Users/veronateo/marple-personal/code/debug/snack1/w1_ntemp0.05_stemp0.05_steps25_20250611_123110/snack1_sampled_paths_sophisticated.csv
2025-06-11 12:31:12,620 - Suspect[suspect_rsm] - INFO - Simulating sophisticated suspect paths using visual evidence
2025-06-11 12:31:12,620 - PathSampler - INFO - Using cached utilities for ('A', 'sophisticated', 'visual')
2025-06-11 12:31:12,624 - PathSampler - INFO - Using cached utilities for ('B', 'sophisticated', 'visual')
2025-06-11 12:31:13,150 - Detective[detective_rsm] - INFO - Simulating detective modeling sophisticated suspects using visual evidence
2025-06-11 12:31:13,150 - VisualEvidenceProcessor - INFO - Computing VISUAL detective predictions for sophisticated agents
2025-06-11 12:31:13,151 - VisualEvidenceProcessor - INFO - Smoothing visual likelihood maps (sigma=1.0)
2025-06-11 12:31:13,707 - src.analysis.plot - INFO - Saved smoothing comparison plot for Agent A to /Users/veronateo/marple-personal/code/debug/snack1/w1_ntemp0.05_stemp0.05_steps25_20250611_123110/plots/smoothing_comparison_agent_A_snack1.png
2025-06-11 12:31:14,154 - src.analysis.plot - INFO - Saved smoothing comparison plot for Agent B to /Users/veronateo/marple-personal/code/debug/snack1/w1_ntemp0.05_stemp0.05_steps25_20250611_123110/plots/smoothing_comparison_agent_B_snack1.png
2025-06-11 12:31:14,155 - src.utils.evidence_utils - INFO - Saved 51 detective predictions to snack1_sophisticated_visual_predictions.json
2025-06-11 12:31:14,155 - RSMSimulator - INFO - ===== Finished Trial: snack1 =====
2025-06-11 12:31:14,155 - RSMSimulator - INFO - RSMSimulator simulation completed
2025-06-11 12:31:14,155 - src.cli - INFO - Generating automatic plots for simulation results...
2025-06-11 12:31:14,155 - src.analysis.plot - INFO - Creating visual evidence plots for trial snack1 in /Users/veronateo/marple-personal/code/debug/snack1/w1_ntemp0.05_stemp0.05_steps25_20250611_123110
2025-06-11 12:31:14,392 - src.analysis.plot - INFO - Saved heatmap for Agent A to /Users/veronateo/marple-personal/code/debug/snack1/w1_ntemp0.05_stemp0.05_steps25_20250611_123110/plots/heatmap_return_from_fridge_agent_A_snack1_naive.png
2025-06-11 12:31:14,675 - src.analysis.plot - INFO - Saved heatmap for Agent B to /Users/veronateo/marple-personal/code/debug/snack1/w1_ntemp0.05_stemp0.05_steps25_20250611_123110/plots/heatmap_return_from_fridge_agent_B_snack1_naive.png
2025-06-11 12:31:14,911 - src.analysis.plot - INFO - Saved heatmap for Agent A to /Users/veronateo/marple-personal/code/debug/snack1/w1_ntemp0.05_stemp0.05_steps25_20250611_123110/plots/heatmap_to_fridge_agent_A_snack1_naive.png
2025-06-11 12:31:15,147 - src.analysis.plot - INFO - Saved heatmap for Agent B to /Users/veronateo/marple-personal/code/debug/snack1/w1_ntemp0.05_stemp0.05_steps25_20250611_123110/plots/heatmap_to_fridge_agent_B_snack1_naive.png
2025-06-11 12:31:15,410 - src.analysis.plot - INFO - Saved heatmap for Agent A to /Users/veronateo/marple-personal/code/debug/snack1/w1_ntemp0.05_stemp0.05_steps25_20250611_123110/plots/heatmap_return_from_fridge_agent_A_snack1_sophisticated.png
2025-06-11 12:31:15,648 - src.analysis.plot - INFO - Saved heatmap for Agent B to /Users/veronateo/marple-personal/code/debug/snack1/w1_ntemp0.05_stemp0.05_steps25_20250611_123110/plots/heatmap_return_from_fridge_agent_B_snack1_sophisticated.png
2025-06-11 12:31:15,880 - src.analysis.plot - INFO - Saved heatmap for Agent A to /Users/veronateo/marple-personal/code/debug/snack1/w1_ntemp0.05_stemp0.05_steps25_20250611_123110/plots/heatmap_to_fridge_agent_A_snack1_sophisticated.png
2025-06-11 12:31:16,112 - src.analysis.plot - INFO - Saved heatmap for Agent B to /Users/veronateo/marple-personal/code/debug/snack1/w1_ntemp0.05_stemp0.05_steps25_20250611_123110/plots/heatmap_to_fridge_agent_B_snack1_sophisticated.png
2025-06-11 12:31:16,379 - src.analysis.plot - INFO - Saved crumb planting heatmap for Agent A to /Users/veronateo/marple-personal/code/debug/snack1/w1_ntemp0.05_stemp0.05_steps25_20250611_123110/plots/crumb_planting_heatmap_agent_A_snack1.png
2025-06-11 12:31:16,608 - src.analysis.plot - INFO - Saved crumb planting heatmap for Agent B to /Users/veronateo/marple-personal/code/debug/snack1/w1_ntemp0.05_stemp0.05_steps25_20250611_123110/plots/crumb_planting_heatmap_agent_B_snack1.png
2025-06-11 12:31:16,609 - src.analysis.plot - INFO - Plotted 51 predictions on full apartment grid
2025-06-11 12:31:16,818 - src.analysis.plot - INFO - Saved detective predictions heatmap to /Users/veronateo/marple-personal/code/debug/snack1/w1_ntemp0.05_stemp0.05_steps25_20250611_123110/plots/detective_preds_heatmap_naive_visual_snack1.png
2025-06-11 12:31:16,819 - src.analysis.plot - INFO - Plotted 51 predictions on full apartment grid
2025-06-11 12:31:17,028 - src.analysis.plot - INFO - Saved detective predictions heatmap to /Users/veronateo/marple-personal/code/debug/snack1/w1_ntemp0.05_stemp0.05_steps25_20250611_123110/plots/detective_preds_heatmap_sophisticated_visual_snack1.png
2025-06-11 12:31:17,028 - src.analysis.plot - INFO - Completed visual evidence plots for snack1
2025-06-11 12:31:17,028 - src.cli - INFO - Generated visual plots for trial snack1
2025-06-11 12:31:17,028 - src.cli - INFO - RSM simulation completed. Results: 1 trials processed
