2025-06-11 12:58:00,474 - src.cli - INFO - Starting RSM simulation - Log: /Users/veronateo/marple-personal/code/debug/snack6/w20_ntemp0.05_stemp0.05_steps25_20250611_125800/simulation.log
2025-06-11 12:58:00,474 - src.cli - INFO - Saved metadata to /Users/veronateo/marple-personal/code/debug/snack6/w20_ntemp0.05_stemp0.05_steps25_20250611_125800/metadata.json
2025-06-11 12:58:00,474 - src.cli - INFO - Trials to run: ['snack6_A1.json']
2025-06-11 12:58:00,474 - RSMSimulator - INFO - Starting RSMSimulator simulation with visual evidence
2025-06-11 12:58:00,474 - RSMSimulator - INFO - ===== Running Trial: snack6 =====
2025-06-11 12:58:00,476 - RSMSimulator - INFO - Generating 50 suspect paths and 1000 detective paths
2025-06-11 12:58:00,668 - src.core.world.utils - INFO - Loaded simple path sequences for snack6 from cache
2025-06-11 12:58:00,668 - Suspect[suspect_rsm] - INFO - Initialized Suspect with suspect data
2025-06-11 12:58:00,668 - Detective[detective_rsm] - INFO - Initialized Detective with detective data
2025-06-11 12:58:00,668 - RSMSimulator - INFO - --- Simulating Level 1 (Naive Agent) ---
2025-06-11 12:58:00,668 - Suspect[suspect_rsm] - INFO - Simulating naive suspect paths using visual evidence
2025-06-11 12:58:02,201 - src.utils.io_utils - INFO - Saved 100 sampled paths to /Users/veronateo/marple-personal/code/debug/snack6/w20_ntemp0.05_stemp0.05_steps25_20250611_125800/snack6_sampled_paths_naive.csv
2025-06-11 12:58:02,202 - Suspect[suspect_rsm] - INFO - Simulating naive suspect paths using visual evidence
2025-06-11 12:58:03,688 - Detective[detective_rsm] - INFO - Simulating detective modeling naive suspects using visual evidence
2025-06-11 12:58:03,688 - VisualEvidenceProcessor - INFO - Computing VISUAL detective predictions for naive agents
2025-06-11 12:58:03,771 - src.utils.evidence_utils - INFO - Saved 53 detective predictions to snack6_naive_visual_predictions.json
2025-06-11 12:58:03,771 - RSMSimulator - INFO - Smoothing visual likelihood maps (sigma=1.0)
2025-06-11 12:58:03,772 - RSMSimulator - INFO - --- Simulating Level 2 (Sophisticated Agent) ---
2025-06-11 12:58:03,772 - Suspect[suspect_rsm] - INFO - Simulating sophisticated suspect paths using visual evidence
2025-06-11 12:58:03,772 - PathSampler - INFO - No cache found. Computing utilities for ('A', 'sophisticated', 'visual')
2025-06-11 12:58:04,927 - PathSampler - INFO - No cache found. Computing utilities for ('B', 'sophisticated', 'visual')
2025-06-11 12:58:08,821 - src.utils.io_utils - INFO - Saved 100 sampled paths to /Users/veronateo/marple-personal/code/debug/snack6/w20_ntemp0.05_stemp0.05_steps25_20250611_125800/snack6_sampled_paths_sophisticated.csv
2025-06-11 12:58:08,821 - Suspect[suspect_rsm] - INFO - Simulating sophisticated suspect paths using visual evidence
2025-06-11 12:58:08,821 - PathSampler - INFO - Using cached utilities for ('A', 'sophisticated', 'visual')
2025-06-11 12:58:09,099 - PathSampler - INFO - Using cached utilities for ('B', 'sophisticated', 'visual')
2025-06-11 12:58:10,052 - Detective[detective_rsm] - INFO - Simulating detective modeling sophisticated suspects using visual evidence
2025-06-11 12:58:10,052 - VisualEvidenceProcessor - INFO - Computing VISUAL detective predictions for sophisticated agents
2025-06-11 12:58:10,053 - VisualEvidenceProcessor - INFO - Smoothing visual likelihood maps (sigma=1.0)
2025-06-11 12:58:10,629 - src.analysis.plot - INFO - Saved smoothing comparison plot for Agent A to /Users/veronateo/marple-personal/code/debug/snack6/w20_ntemp0.05_stemp0.05_steps25_20250611_125800/plots/smoothing_comparison_agent_A_snack6.png
2025-06-11 12:58:11,076 - src.analysis.plot - INFO - Saved smoothing comparison plot for Agent B to /Users/veronateo/marple-personal/code/debug/snack6/w20_ntemp0.05_stemp0.05_steps25_20250611_125800/plots/smoothing_comparison_agent_B_snack6.png
2025-06-11 12:58:11,077 - src.utils.evidence_utils - INFO - Saved 53 detective predictions to snack6_sophisticated_visual_predictions.json
2025-06-11 12:58:11,078 - RSMSimulator - INFO - ===== Finished Trial: snack6 =====
2025-06-11 12:58:11,078 - RSMSimulator - INFO - RSMSimulator simulation completed
2025-06-11 12:58:11,078 - src.cli - INFO - Generating automatic plots for simulation results...
2025-06-11 12:58:11,078 - src.analysis.plot - INFO - Creating visual evidence plots for trial snack6 in /Users/veronateo/marple-personal/code/debug/snack6/w20_ntemp0.05_stemp0.05_steps25_20250611_125800
2025-06-11 12:58:11,322 - src.analysis.plot - INFO - Saved heatmap for Agent A to /Users/veronateo/marple-personal/code/debug/snack6/w20_ntemp0.05_stemp0.05_steps25_20250611_125800/plots/heatmap_return_from_fridge_agent_A_snack6_naive.png
2025-06-11 12:58:11,559 - src.analysis.plot - INFO - Saved heatmap for Agent B to /Users/veronateo/marple-personal/code/debug/snack6/w20_ntemp0.05_stemp0.05_steps25_20250611_125800/plots/heatmap_return_from_fridge_agent_B_snack6_naive.png
2025-06-11 12:58:11,894 - src.analysis.plot - INFO - Saved heatmap for Agent A to /Users/veronateo/marple-personal/code/debug/snack6/w20_ntemp0.05_stemp0.05_steps25_20250611_125800/plots/heatmap_to_fridge_agent_A_snack6_naive.png
2025-06-11 12:58:12,129 - src.analysis.plot - INFO - Saved heatmap for Agent B to /Users/veronateo/marple-personal/code/debug/snack6/w20_ntemp0.05_stemp0.05_steps25_20250611_125800/plots/heatmap_to_fridge_agent_B_snack6_naive.png
2025-06-11 12:58:12,364 - src.analysis.plot - INFO - Saved heatmap for Agent A to /Users/veronateo/marple-personal/code/debug/snack6/w20_ntemp0.05_stemp0.05_steps25_20250611_125800/plots/heatmap_return_from_fridge_agent_A_snack6_sophisticated.png
2025-06-11 12:58:12,600 - src.analysis.plot - INFO - Saved heatmap for Agent B to /Users/veronateo/marple-personal/code/debug/snack6/w20_ntemp0.05_stemp0.05_steps25_20250611_125800/plots/heatmap_return_from_fridge_agent_B_snack6_sophisticated.png
2025-06-11 12:58:12,866 - src.analysis.plot - INFO - Saved heatmap for Agent A to /Users/veronateo/marple-personal/code/debug/snack6/w20_ntemp0.05_stemp0.05_steps25_20250611_125800/plots/heatmap_to_fridge_agent_A_snack6_sophisticated.png
2025-06-11 12:58:13,102 - src.analysis.plot - INFO - Saved heatmap for Agent B to /Users/veronateo/marple-personal/code/debug/snack6/w20_ntemp0.05_stemp0.05_steps25_20250611_125800/plots/heatmap_to_fridge_agent_B_snack6_sophisticated.png
2025-06-11 12:58:13,334 - src.analysis.plot - INFO - Saved crumb planting heatmap for Agent A to /Users/veronateo/marple-personal/code/debug/snack6/w20_ntemp0.05_stemp0.05_steps25_20250611_125800/plots/crumb_planting_heatmap_agent_A_snack6.png
2025-06-11 12:58:13,595 - src.analysis.plot - INFO - Saved crumb planting heatmap for Agent B to /Users/veronateo/marple-personal/code/debug/snack6/w20_ntemp0.05_stemp0.05_steps25_20250611_125800/plots/crumb_planting_heatmap_agent_B_snack6.png
2025-06-11 12:58:13,596 - src.analysis.plot - INFO - Plotted 53 predictions on full apartment grid
2025-06-11 12:58:13,807 - src.analysis.plot - INFO - Saved detective predictions heatmap to /Users/veronateo/marple-personal/code/debug/snack6/w20_ntemp0.05_stemp0.05_steps25_20250611_125800/plots/detective_preds_heatmap_naive_visual_snack6.png
2025-06-11 12:58:13,809 - src.analysis.plot - INFO - Plotted 53 predictions on full apartment grid
2025-06-11 12:58:14,026 - src.analysis.plot - INFO - Saved detective predictions heatmap to /Users/veronateo/marple-personal/code/debug/snack6/w20_ntemp0.05_stemp0.05_steps25_20250611_125800/plots/detective_preds_heatmap_sophisticated_visual_snack6.png
2025-06-11 12:58:14,026 - src.analysis.plot - INFO - Completed visual evidence plots for snack6
2025-06-11 12:58:14,027 - src.cli - INFO - Generated visual plots for trial snack6
2025-06-11 12:58:14,027 - src.cli - INFO - RSM simulation completed. Results: 1 trials processed
