2025-06-11 12:31:50,916 - src.cli - INFO - Starting RSM simulation - Log: /Users/veronateo/marple-personal/code/debug/snack1/w5_ntemp0.05_stemp0.05_steps25_20250611_123150/simulation.log
2025-06-11 12:31:50,916 - src.cli - INFO - Saved metadata to /Users/veronateo/marple-personal/code/debug/snack1/w5_ntemp0.05_stemp0.05_steps25_20250611_123150/metadata.json
2025-06-11 12:31:50,916 - src.cli - INFO - Trials to run: ['snack1_A1.json']
2025-06-11 12:31:50,916 - RSMSimulator - INFO - Starting RSMSimulator simulation with visual evidence
2025-06-11 12:31:50,916 - RSMSimulator - INFO - ===== Running Trial: snack1 =====
2025-06-11 12:31:50,917 - RSMSimulator - INFO - Generating 50 suspect paths and 1000 detective paths
2025-06-11 12:31:50,984 - src.core.world.utils - INFO - Loaded simple path sequences for snack1 from cache
2025-06-11 12:31:50,984 - Suspect[suspect_rsm] - INFO - Initialized Suspect with suspect data
2025-06-11 12:31:50,984 - Detective[detective_rsm] - INFO - Initialized Detective with detective data
2025-06-11 12:31:50,984 - RSMSimulator - INFO - --- Simulating Level 1 (Naive Agent) ---
2025-06-11 12:31:50,984 - Suspect[suspect_rsm] - INFO - Simulating naive suspect paths using visual evidence
2025-06-11 12:31:51,667 - src.utils.io_utils - INFO - Saved 100 sampled paths to /Users/veronateo/marple-personal/code/debug/snack1/w5_ntemp0.05_stemp0.05_steps25_20250611_123150/snack1_sampled_paths_naive.csv
2025-06-11 12:31:51,667 - Suspect[suspect_rsm] - INFO - Simulating naive suspect paths using visual evidence
2025-06-11 12:31:52,290 - Detective[detective_rsm] - INFO - Simulating detective modeling naive suspects using visual evidence
2025-06-11 12:31:52,290 - VisualEvidenceProcessor - INFO - Computing VISUAL detective predictions for naive agents
2025-06-11 12:31:52,380 - src.utils.evidence_utils - INFO - Saved 51 detective predictions to snack1_naive_visual_predictions.json
2025-06-11 12:31:52,380 - RSMSimulator - INFO - Smoothing visual likelihood maps (sigma=1.0)
2025-06-11 12:31:52,380 - RSMSimulator - INFO - --- Simulating Level 2 (Sophisticated Agent) ---
2025-06-11 12:31:52,380 - Suspect[suspect_rsm] - INFO - Simulating sophisticated suspect paths using visual evidence
2025-06-11 12:31:52,380 - PathSampler - INFO - No cache found. Computing utilities for ('A', 'sophisticated', 'visual')
2025-06-11 12:31:52,385 - PathSampler - INFO - No cache found. Computing utilities for ('B', 'sophisticated', 'visual')
2025-06-11 12:31:53,133 - src.utils.io_utils - INFO - Saved 100 sampled paths to /Users/veronateo/marple-personal/code/debug/snack1/w5_ntemp0.05_stemp0.05_steps25_20250611_123150/snack1_sampled_paths_sophisticated.csv
2025-06-11 12:31:53,134 - Suspect[suspect_rsm] - INFO - Simulating sophisticated suspect paths using visual evidence
2025-06-11 12:31:53,134 - PathSampler - INFO - Using cached utilities for ('A', 'sophisticated', 'visual')
2025-06-11 12:31:53,138 - PathSampler - INFO - Using cached utilities for ('B', 'sophisticated', 'visual')
2025-06-11 12:31:53,703 - Detective[detective_rsm] - INFO - Simulating detective modeling sophisticated suspects using visual evidence
2025-06-11 12:31:53,704 - VisualEvidenceProcessor - INFO - Computing VISUAL detective predictions for sophisticated agents
2025-06-11 12:31:53,705 - VisualEvidenceProcessor - INFO - Smoothing visual likelihood maps (sigma=1.0)
2025-06-11 12:31:54,274 - src.analysis.plot - INFO - Saved smoothing comparison plot for Agent A to /Users/veronateo/marple-personal/code/debug/snack1/w5_ntemp0.05_stemp0.05_steps25_20250611_123150/plots/smoothing_comparison_agent_A_snack1.png
2025-06-11 12:31:54,732 - src.analysis.plot - INFO - Saved smoothing comparison plot for Agent B to /Users/veronateo/marple-personal/code/debug/snack1/w5_ntemp0.05_stemp0.05_steps25_20250611_123150/plots/smoothing_comparison_agent_B_snack1.png
2025-06-11 12:31:54,733 - src.utils.evidence_utils - INFO - Saved 51 detective predictions to snack1_sophisticated_visual_predictions.json
2025-06-11 12:31:54,733 - RSMSimulator - INFO - ===== Finished Trial: snack1 =====
2025-06-11 12:31:54,733 - RSMSimulator - INFO - RSMSimulator simulation completed
2025-06-11 12:31:54,733 - src.cli - INFO - Generating automatic plots for simulation results...
2025-06-11 12:31:54,733 - src.analysis.plot - INFO - Creating visual evidence plots for trial snack1 in /Users/veronateo/marple-personal/code/debug/snack1/w5_ntemp0.05_stemp0.05_steps25_20250611_123150
2025-06-11 12:31:54,972 - src.analysis.plot - INFO - Saved heatmap for Agent A to /Users/veronateo/marple-personal/code/debug/snack1/w5_ntemp0.05_stemp0.05_steps25_20250611_123150/plots/heatmap_return_from_fridge_agent_A_snack1_naive.png
2025-06-11 12:31:55,256 - src.analysis.plot - INFO - Saved heatmap for Agent B to /Users/veronateo/marple-personal/code/debug/snack1/w5_ntemp0.05_stemp0.05_steps25_20250611_123150/plots/heatmap_return_from_fridge_agent_B_snack1_naive.png
2025-06-11 12:31:55,491 - src.analysis.plot - INFO - Saved heatmap for Agent A to /Users/veronateo/marple-personal/code/debug/snack1/w5_ntemp0.05_stemp0.05_steps25_20250611_123150/plots/heatmap_to_fridge_agent_A_snack1_naive.png
2025-06-11 12:31:55,724 - src.analysis.plot - INFO - Saved heatmap for Agent B to /Users/veronateo/marple-personal/code/debug/snack1/w5_ntemp0.05_stemp0.05_steps25_20250611_123150/plots/heatmap_to_fridge_agent_B_snack1_naive.png
2025-06-11 12:31:55,986 - src.analysis.plot - INFO - Saved heatmap for Agent A to /Users/veronateo/marple-personal/code/debug/snack1/w5_ntemp0.05_stemp0.05_steps25_20250611_123150/plots/heatmap_return_from_fridge_agent_A_snack1_sophisticated.png
2025-06-11 12:31:56,223 - src.analysis.plot - INFO - Saved heatmap for Agent B to /Users/veronateo/marple-personal/code/debug/snack1/w5_ntemp0.05_stemp0.05_steps25_20250611_123150/plots/heatmap_return_from_fridge_agent_B_snack1_sophisticated.png
2025-06-11 12:31:56,455 - src.analysis.plot - INFO - Saved heatmap for Agent A to /Users/veronateo/marple-personal/code/debug/snack1/w5_ntemp0.05_stemp0.05_steps25_20250611_123150/plots/heatmap_to_fridge_agent_A_snack1_sophisticated.png
2025-06-11 12:31:56,689 - src.analysis.plot - INFO - Saved heatmap for Agent B to /Users/veronateo/marple-personal/code/debug/snack1/w5_ntemp0.05_stemp0.05_steps25_20250611_123150/plots/heatmap_to_fridge_agent_B_snack1_sophisticated.png
2025-06-11 12:31:56,956 - src.analysis.plot - INFO - Saved crumb planting heatmap for Agent A to /Users/veronateo/marple-personal/code/debug/snack1/w5_ntemp0.05_stemp0.05_steps25_20250611_123150/plots/crumb_planting_heatmap_agent_A_snack1.png
2025-06-11 12:31:57,185 - src.analysis.plot - INFO - Saved crumb planting heatmap for Agent B to /Users/veronateo/marple-personal/code/debug/snack1/w5_ntemp0.05_stemp0.05_steps25_20250611_123150/plots/crumb_planting_heatmap_agent_B_snack1.png
2025-06-11 12:31:57,186 - src.analysis.plot - INFO - Plotted 51 predictions on full apartment grid
2025-06-11 12:31:57,395 - src.analysis.plot - INFO - Saved detective predictions heatmap to /Users/veronateo/marple-personal/code/debug/snack1/w5_ntemp0.05_stemp0.05_steps25_20250611_123150/plots/detective_preds_heatmap_naive_visual_snack1.png
2025-06-11 12:31:57,396 - src.analysis.plot - INFO - Plotted 51 predictions on full apartment grid
2025-06-11 12:31:57,604 - src.analysis.plot - INFO - Saved detective predictions heatmap to /Users/veronateo/marple-personal/code/debug/snack1/w5_ntemp0.05_stemp0.05_steps25_20250611_123150/plots/detective_preds_heatmap_sophisticated_visual_snack1.png
2025-06-11 12:31:57,604 - src.analysis.plot - INFO - Completed visual evidence plots for snack1
2025-06-11 12:31:57,604 - src.cli - INFO - Generated visual plots for trial snack1
2025-06-11 12:31:57,604 - src.cli - INFO - RSM simulation completed. Results: 1 trials processed
