2025-06-11 13:12:55,056 - src.cli - INFO - Starting RSM simulation - Log: /Users/veronateo/marple-personal/code/debug/snack6/w20_ntemp0.1_stemp0.1_steps25_20250611_131255/simulation.log
2025-06-11 13:12:55,056 - src.cli - INFO - Saved metadata to /Users/veronateo/marple-personal/code/debug/snack6/w20_ntemp0.1_stemp0.1_steps25_20250611_131255/metadata.json
2025-06-11 13:12:55,056 - src.cli - INFO - Trials to run: ['snack6_A1.json']
2025-06-11 13:12:55,056 - RSMSimulator - INFO - Starting RSMSimulator simulation with multimodal evidence
2025-06-11 13:12:55,056 - RSMSimulator - INFO - ===== Running Trial: snack6 =====
2025-06-11 13:12:55,058 - RSMSimulator - INFO - Generating 50 suspect paths and 1000 detective paths
2025-06-11 13:12:55,233 - src.core.world.utils - INFO - Loaded simple path sequences for snack6 from cache
2025-06-11 13:12:55,233 - Suspect[suspect_rsm] - INFO - Initialized Suspect with suspect data
2025-06-11 13:12:55,233 - Detective[detective_rsm] - INFO - Initialized Detective with detective data
2025-06-11 13:12:55,233 - RSMSimulator - INFO - --- Simulating Level 1 (Naive Agent) ---
2025-06-11 13:12:55,233 - Suspect[suspect_rsm] - INFO - Simulating naive suspect paths using multimodal evidence
2025-06-11 13:12:56,764 - src.utils.io_utils - INFO - Saved 100 sampled paths to /Users/veronateo/marple-personal/code/debug/snack6/w20_ntemp0.1_stemp0.1_steps25_20250611_131255/snack6_sampled_paths_naive.csv
2025-06-11 13:12:56,764 - Suspect[suspect_rsm] - INFO - Simulating naive suspect paths using multimodal evidence
2025-06-11 13:12:58,294 - Detective[detective_rsm] - INFO - Simulating detective modeling naive suspects using multimodal evidence
2025-06-11 13:12:58,294 - MultimodalEvidenceProcessor - INFO - Computing MULTIMODAL detective predictions for naive agents
2025-06-11 13:12:58,294 - VisualEvidenceProcessor - INFO - Computing VISUAL detective predictions for naive agents
2025-06-11 13:12:58,402 - src.core.evidence.audio - INFO - Agent shortest paths: A->fridge=12, B->fridge=12
2025-06-11 13:12:58,402 - src.core.evidence.audio - INFO - Agent shortest paths: fridge->A=12, fridge->B=12
2025-06-11 13:12:58,402 - src.core.evidence.audio - INFO - Using minimum feasible steps: to_fridge>=12, from_fridge>=12
2025-06-11 13:12:58,402 - src.core.evidence.audio - INFO - Generated 49 ground truth audio sequences
2025-06-11 13:13:24,525 - src.utils.evidence_utils - INFO - Saved 2597 detective predictions to snack6_naive_multimodal_predictions.json
2025-06-11 13:13:25,037 - RSMSimulator - INFO - Smoothing visual likelihood maps (sigma=1.0)
2025-06-11 13:13:25,038 - RSMSimulator - INFO - Visual and Audio models loaded for multimodal simulation.
2025-06-11 13:13:25,038 - RSMSimulator - INFO - --- Simulating Level 2 (Sophisticated Agent) ---
2025-06-11 13:13:25,038 - Suspect[suspect_rsm] - INFO - Simulating sophisticated suspect paths using multimodal evidence
2025-06-11 13:13:25,038 - PathSampler - INFO - No cache found. Computing utilities for ('A', 'sophisticated', 'multimodal')
2025-06-11 13:13:25,038 - PathSampler - INFO - Computing utilities for 26372 paths to fridge.
2025-06-11 13:13:25,069 - PathSampler - INFO - Finished computing utilities for 26372 paths to fridge.
2025-06-11 13:13:25,069 - PathSampler - INFO - Computing utilities for 26372 paths from fridge.
2025-06-11 13:13:28,942 - PathSampler - INFO - Finished computing utilities for 26372 paths from fridge.
2025-06-11 13:13:29,217 - PathSampler - INFO - No cache found. Computing utilities for ('B', 'sophisticated', 'multimodal')
2025-06-11 13:13:29,217 - PathSampler - INFO - Computing utilities for 89896 paths to fridge.
2025-06-11 13:13:29,324 - PathSampler - INFO - Finished computing utilities for 89896 paths to fridge.
2025-06-11 13:13:29,324 - PathSampler - INFO - Computing utilities for 89896 paths from fridge.
2025-06-11 13:13:37,871 - PathSampler - INFO - Finished computing utilities for 89896 paths from fridge.
2025-06-11 13:13:38,816 - src.utils.io_utils - INFO - Saved 100 sampled paths to /Users/veronateo/marple-personal/code/debug/snack6/w20_ntemp0.1_stemp0.1_steps25_20250611_131255/snack6_sampled_paths_sophisticated.csv
2025-06-11 13:13:38,816 - Suspect[suspect_rsm] - INFO - Simulating sophisticated suspect paths using multimodal evidence
2025-06-11 13:13:38,816 - PathSampler - INFO - Using cached utilities for ('A', 'sophisticated', 'multimodal')
2025-06-11 13:13:39,105 - PathSampler - INFO - Using cached utilities for ('B', 'sophisticated', 'multimodal')
2025-06-11 13:13:40,060 - Detective[detective_rsm] - INFO - Simulating detective modeling sophisticated suspects using multimodal evidence
2025-06-11 13:13:40,060 - MultimodalEvidenceProcessor - INFO - Computing MULTIMODAL detective predictions for sophisticated agents
2025-06-11 13:13:40,060 - VisualEvidenceProcessor - INFO - Computing VISUAL detective predictions for sophisticated agents
2025-06-11 13:13:40,061 - VisualEvidenceProcessor - INFO - Smoothing visual likelihood maps (sigma=1.0)
2025-06-11 13:13:40,062 - src.core.evidence.audio - INFO - Agent shortest paths: A->fridge=12, B->fridge=12
2025-06-11 13:13:40,062 - src.core.evidence.audio - INFO - Agent shortest paths: fridge->A=12, fridge->B=12
2025-06-11 13:13:40,062 - src.core.evidence.audio - INFO - Using minimum feasible steps: to_fridge>=12, from_fridge>=12
2025-06-11 13:13:40,062 - src.core.evidence.audio - INFO - Generated 49 ground truth audio sequences
2025-06-11 13:14:06,627 - src.utils.evidence_utils - INFO - Saved 2597 detective predictions to snack6_sophisticated_multimodal_predictions.json
2025-06-11 13:14:06,628 - RSMSimulator - INFO - ===== Finished Trial: snack6 =====
2025-06-11 13:14:06,628 - RSMSimulator - INFO - RSMSimulator simulation completed
2025-06-11 13:14:06,628 - src.cli - INFO - Generating automatic plots for simulation results...
2025-06-11 13:14:06,628 - src.analysis.plot - INFO - Creating multimodal evidence plots for trial snack6 in /Users/veronateo/marple-personal/code/debug/snack6/w20_ntemp0.1_stemp0.1_steps25_20250611_131255
2025-06-11 13:14:07,032 - src.analysis.plot - INFO - Saved heatmap for Agent A to /Users/veronateo/marple-personal/code/debug/snack6/w20_ntemp0.1_stemp0.1_steps25_20250611_131255/plots/heatmap_return_from_fridge_agent_A_snack6_naive.png
2025-06-11 13:14:07,273 - src.analysis.plot - INFO - Saved heatmap for Agent B to /Users/veronateo/marple-personal/code/debug/snack6/w20_ntemp0.1_stemp0.1_steps25_20250611_131255/plots/heatmap_return_from_fridge_agent_B_snack6_naive.png
2025-06-11 13:14:07,513 - src.analysis.plot - INFO - Saved heatmap for Agent A to /Users/veronateo/marple-personal/code/debug/snack6/w20_ntemp0.1_stemp0.1_steps25_20250611_131255/plots/heatmap_to_fridge_agent_A_snack6_naive.png
2025-06-11 13:14:07,754 - src.analysis.plot - INFO - Saved heatmap for Agent B to /Users/veronateo/marple-personal/code/debug/snack6/w20_ntemp0.1_stemp0.1_steps25_20250611_131255/plots/heatmap_to_fridge_agent_B_snack6_naive.png
2025-06-11 13:14:08,004 - src.analysis.plot - INFO - Saved heatmap for Agent A to /Users/veronateo/marple-personal/code/debug/snack6/w20_ntemp0.1_stemp0.1_steps25_20250611_131255/plots/heatmap_return_from_fridge_agent_A_snack6_sophisticated.png
2025-06-11 13:14:08,348 - src.analysis.plot - INFO - Saved heatmap for Agent B to /Users/veronateo/marple-personal/code/debug/snack6/w20_ntemp0.1_stemp0.1_steps25_20250611_131255/plots/heatmap_return_from_fridge_agent_B_snack6_sophisticated.png
2025-06-11 13:14:08,592 - src.analysis.plot - INFO - Saved heatmap for Agent A to /Users/veronateo/marple-personal/code/debug/snack6/w20_ntemp0.1_stemp0.1_steps25_20250611_131255/plots/heatmap_to_fridge_agent_A_snack6_sophisticated.png
2025-06-11 13:14:08,832 - src.analysis.plot - INFO - Saved heatmap for Agent B to /Users/veronateo/marple-personal/code/debug/snack6/w20_ntemp0.1_stemp0.1_steps25_20250611_131255/plots/heatmap_to_fridge_agent_B_snack6_sophisticated.png
2025-06-11 13:14:09,069 - src.analysis.plot - INFO - Saved crumb planting heatmap for Agent A to /Users/veronateo/marple-personal/code/debug/snack6/w20_ntemp0.1_stemp0.1_steps25_20250611_131255/plots/crumb_planting_heatmap_agent_A_snack6.png
2025-06-11 13:14:09,356 - src.analysis.plot - INFO - Saved crumb planting heatmap for Agent B to /Users/veronateo/marple-personal/code/debug/snack6/w20_ntemp0.1_stemp0.1_steps25_20250611_131255/plots/crumb_planting_heatmap_agent_B_snack6.png
2025-06-11 13:14:09,583 - src.analysis.plot - INFO - Saved multimodal visual predictions heatmap to /Users/veronateo/marple-personal/code/debug/snack6/w20_ntemp0.1_stemp0.1_steps25_20250611_131255/plots/detective_multimodal_visual_preds_heatmap_naive_snack6.png
2025-06-11 13:14:09,775 - src.analysis.plot - INFO - Saved multimodal audio predictions heatmap to /Users/veronateo/marple-personal/code/debug/snack6/w20_ntemp0.1_stemp0.1_steps25_20250611_131255/plots/detective_multimodal_audio_preds_heatmap_naive_snack6.png
2025-06-11 13:14:09,997 - src.analysis.plot - INFO - Saved multimodal visual predictions heatmap to /Users/veronateo/marple-personal/code/debug/snack6/w20_ntemp0.1_stemp0.1_steps25_20250611_131255/plots/detective_multimodal_visual_preds_heatmap_sophisticated_snack6.png
2025-06-11 13:14:10,212 - src.analysis.plot - INFO - Saved multimodal audio predictions heatmap to /Users/veronateo/marple-personal/code/debug/snack6/w20_ntemp0.1_stemp0.1_steps25_20250611_131255/plots/detective_multimodal_audio_preds_heatmap_sophisticated_snack6.png
2025-06-11 13:14:10,212 - src.analysis.plot - INFO - Completed multimodal evidence plots for snack6
2025-06-11 13:14:10,212 - src.cli - INFO - Generated multimodal plots for trial snack6
2025-06-11 13:14:10,212 - src.cli - INFO - RSM simulation completed. Results: 1 trials processed
