2025-06-11 12:49:08,966 - src.cli - INFO - Starting RSM simulation - Log: /Users/veronateo/marple-personal/code/debug/snack6/w20_ntemp0.05_stemp0.05_steps25_20250611_124908/simulation.log
2025-06-11 12:49:08,967 - src.cli - INFO - Saved metadata to /Users/veronateo/marple-personal/code/debug/snack6/w20_ntemp0.05_stemp0.05_steps25_20250611_124908/metadata.json
2025-06-11 12:49:08,967 - src.cli - INFO - Trials to run: ['snack6_A1.json']
2025-06-11 12:49:08,967 - RSMSimulator - INFO - Starting RSMSimulator simulation with visual evidence
2025-06-11 12:49:08,967 - RSMSimulator - INFO - ===== Running Trial: snack6 =====
2025-06-11 12:49:08,968 - RSMSimulator - INFO - Generating 50 suspect paths and 1000 detective paths
2025-06-11 12:49:09,145 - src.core.world.utils - INFO - Loaded simple path sequences for snack6 from cache
2025-06-11 12:49:09,145 - Suspect[suspect_rsm] - INFO - Initialized Suspect with suspect data
2025-06-11 12:49:09,145 - Detective[detective_rsm] - INFO - Initialized Detective with detective data
2025-06-11 12:49:09,145 - RSMSimulator - INFO - --- Simulating Level 1 (Naive Agent) ---
2025-06-11 12:49:09,145 - Suspect[suspect_rsm] - INFO - Simulating naive suspect paths using visual evidence
2025-06-11 12:49:10,658 - src.utils.io_utils - INFO - Saved 100 sampled paths to /Users/veronateo/marple-personal/code/debug/snack6/w20_ntemp0.05_stemp0.05_steps25_20250611_124908/snack6_sampled_paths_naive.csv
2025-06-11 12:49:10,658 - Suspect[suspect_rsm] - INFO - Simulating naive suspect paths using visual evidence
2025-06-11 12:49:12,140 - Detective[detective_rsm] - INFO - Simulating detective modeling naive suspects using visual evidence
2025-06-11 12:49:12,140 - VisualEvidenceProcessor - INFO - Computing VISUAL detective predictions for naive agents
2025-06-11 12:49:12,225 - src.utils.evidence_utils - INFO - Saved 53 detective predictions to snack6_naive_visual_predictions.json
2025-06-11 12:49:12,226 - RSMSimulator - INFO - Smoothing visual likelihood maps (sigma=1.0)
2025-06-11 12:49:12,226 - RSMSimulator - INFO - --- Simulating Level 2 (Sophisticated Agent) ---
2025-06-11 12:49:12,226 - Suspect[suspect_rsm] - INFO - Simulating sophisticated suspect paths using visual evidence
2025-06-11 12:49:12,226 - PathSampler - INFO - No cache found. Computing utilities for ('A', 'sophisticated', 'visual')
2025-06-11 12:49:13,661 - PathSampler - INFO - No cache found. Computing utilities for ('B', 'sophisticated', 'visual')
2025-06-11 12:49:17,871 - src.utils.io_utils - INFO - Saved 100 sampled paths to /Users/veronateo/marple-personal/code/debug/snack6/w20_ntemp0.05_stemp0.05_steps25_20250611_124908/snack6_sampled_paths_sophisticated.csv
2025-06-11 12:49:17,871 - Suspect[suspect_rsm] - INFO - Simulating sophisticated suspect paths using visual evidence
2025-06-11 12:49:17,871 - PathSampler - INFO - Using cached utilities for ('A', 'sophisticated', 'visual')
2025-06-11 12:49:18,160 - PathSampler - INFO - Using cached utilities for ('B', 'sophisticated', 'visual')
2025-06-11 12:49:19,143 - Detective[detective_rsm] - INFO - Simulating detective modeling sophisticated suspects using visual evidence
2025-06-11 12:49:19,144 - VisualEvidenceProcessor - INFO - Computing VISUAL detective predictions for sophisticated agents
2025-06-11 12:49:19,145 - VisualEvidenceProcessor - INFO - Smoothing visual likelihood maps (sigma=1.0)
2025-06-11 12:49:19,765 - src.analysis.plot - INFO - Saved smoothing comparison plot for Agent A to /Users/veronateo/marple-personal/code/debug/snack6/w20_ntemp0.05_stemp0.05_steps25_20250611_124908/plots/smoothing_comparison_agent_A_snack6.png
2025-06-11 12:49:20,258 - src.analysis.plot - INFO - Saved smoothing comparison plot for Agent B to /Users/veronateo/marple-personal/code/debug/snack6/w20_ntemp0.05_stemp0.05_steps25_20250611_124908/plots/smoothing_comparison_agent_B_snack6.png
2025-06-11 12:49:20,259 - src.utils.evidence_utils - INFO - Saved 53 detective predictions to snack6_sophisticated_visual_predictions.json
2025-06-11 12:49:20,260 - RSMSimulator - INFO - ===== Finished Trial: snack6 =====
2025-06-11 12:49:20,260 - RSMSimulator - INFO - RSMSimulator simulation completed
2025-06-11 12:49:20,260 - src.cli - INFO - Generating automatic plots for simulation results...
2025-06-11 12:49:20,260 - src.analysis.plot - INFO - Creating visual evidence plots for trial snack6 in /Users/veronateo/marple-personal/code/debug/snack6/w20_ntemp0.05_stemp0.05_steps25_20250611_124908
2025-06-11 12:49:20,510 - src.analysis.plot - INFO - Saved heatmap for Agent A to /Users/veronateo/marple-personal/code/debug/snack6/w20_ntemp0.05_stemp0.05_steps25_20250611_124908/plots/heatmap_return_from_fridge_agent_A_snack6_naive.png
2025-06-11 12:49:20,757 - src.analysis.plot - INFO - Saved heatmap for Agent B to /Users/veronateo/marple-personal/code/debug/snack6/w20_ntemp0.05_stemp0.05_steps25_20250611_124908/plots/heatmap_return_from_fridge_agent_B_snack6_naive.png
2025-06-11 12:49:21,114 - src.analysis.plot - INFO - Saved heatmap for Agent A to /Users/veronateo/marple-personal/code/debug/snack6/w20_ntemp0.05_stemp0.05_steps25_20250611_124908/plots/heatmap_to_fridge_agent_A_snack6_naive.png
2025-06-11 12:49:21,358 - src.analysis.plot - INFO - Saved heatmap for Agent B to /Users/veronateo/marple-personal/code/debug/snack6/w20_ntemp0.05_stemp0.05_steps25_20250611_124908/plots/heatmap_to_fridge_agent_B_snack6_naive.png
2025-06-11 12:49:21,605 - src.analysis.plot - INFO - Saved heatmap for Agent A to /Users/veronateo/marple-personal/code/debug/snack6/w20_ntemp0.05_stemp0.05_steps25_20250611_124908/plots/heatmap_return_from_fridge_agent_A_snack6_sophisticated.png
2025-06-11 12:49:21,841 - src.analysis.plot - INFO - Saved heatmap for Agent B to /Users/veronateo/marple-personal/code/debug/snack6/w20_ntemp0.05_stemp0.05_steps25_20250611_124908/plots/heatmap_return_from_fridge_agent_B_snack6_sophisticated.png
2025-06-11 12:49:22,120 - src.analysis.plot - INFO - Saved heatmap for Agent A to /Users/veronateo/marple-personal/code/debug/snack6/w20_ntemp0.05_stemp0.05_steps25_20250611_124908/plots/heatmap_to_fridge_agent_A_snack6_sophisticated.png
2025-06-11 12:49:22,357 - src.analysis.plot - INFO - Saved heatmap for Agent B to /Users/veronateo/marple-personal/code/debug/snack6/w20_ntemp0.05_stemp0.05_steps25_20250611_124908/plots/heatmap_to_fridge_agent_B_snack6_sophisticated.png
2025-06-11 12:49:22,593 - src.analysis.plot - INFO - Saved crumb planting heatmap for Agent A to /Users/veronateo/marple-personal/code/debug/snack6/w20_ntemp0.05_stemp0.05_steps25_20250611_124908/plots/crumb_planting_heatmap_agent_A_snack6.png
2025-06-11 12:49:22,872 - src.analysis.plot - INFO - Saved crumb planting heatmap for Agent B to /Users/veronateo/marple-personal/code/debug/snack6/w20_ntemp0.05_stemp0.05_steps25_20250611_124908/plots/crumb_planting_heatmap_agent_B_snack6.png
2025-06-11 12:49:22,873 - src.analysis.plot - INFO - Plotted 53 predictions on full apartment grid
2025-06-11 12:49:23,090 - src.analysis.plot - INFO - Saved detective predictions heatmap to /Users/veronateo/marple-personal/code/debug/snack6/w20_ntemp0.05_stemp0.05_steps25_20250611_124908/plots/detective_preds_heatmap_naive_visual_snack6.png
2025-06-11 12:49:23,091 - src.analysis.plot - INFO - Plotted 53 predictions on full apartment grid
2025-06-11 12:49:23,305 - src.analysis.plot - INFO - Saved detective predictions heatmap to /Users/veronateo/marple-personal/code/debug/snack6/w20_ntemp0.05_stemp0.05_steps25_20250611_124908/plots/detective_preds_heatmap_sophisticated_visual_snack6.png
2025-06-11 12:49:23,306 - src.analysis.plot - INFO - Completed visual evidence plots for snack6
2025-06-11 12:49:23,306 - src.cli - INFO - Generated visual plots for trial snack6
2025-06-11 12:49:23,306 - src.cli - INFO - RSM simulation completed. Results: 1 trials processed
